This is pdfTeX, Version 3.1415926-2.5-1.40.14 (TeX Live 2013/Debian) (format=pdflatex 2014.9.7)  16 AUG 2015 10:16
entering extended mode
 restricted \write18 enabled.
 file:line:error style messages enabled.
 %&-line parsing enabled.
**\input writeup-0720.tex
(./writeup-0720.tex (/usr/share/texlive/texmf-dist/tex/latex/base/article.cls
Document Class: article 2007/10/19 v1.4h Standard LaTeX document class
(/usr/share/texlive/texmf-dist/tex/latex/base/size12.clo
File: size12.clo 2007/10/19 v1.4h Standard LaTeX file (size option)
)
\c@part=\count79
\c@section=\count80
\c@subsection=\count81
\c@subsubsection=\count82
\c@paragraph=\count83
\c@subparagraph=\count84
\c@figure=\count85
\c@table=\count86
\abovecaptionskip=\skip41
\belowcaptionskip=\skip42
\bibindent=\dimen102
)
(/usr/share/texlive/texmf-dist/tex/latex/hyperref/hyperref.sty
Package: hyperref 2012/11/06 v6.83m Hypertext links for LaTeX

(/usr/share/texlive/texmf-dist/tex/generic/oberdiek/hobsub-hyperref.sty
Package: hobsub-hyperref 2012/05/28 v1.13 Bundle oberdiek, subset hyperref (HO)


(/usr/share/texlive/texmf-dist/tex/generic/oberdiek/hobsub-generic.sty
Package: hobsub-generic 2012/05/28 v1.13 Bundle oberdiek, subset generic (HO)
Package: hobsub 2012/05/28 v1.13 Construct package bundles (HO)
Package: infwarerr 2010/04/08 v1.3 Providing info/warning/error messages (HO)
Package: ltxcmds 2011/11/09 v1.22 LaTeX kernel commands for general use (HO)
Package: ifluatex 2010/03/01 v1.3 Provides the ifluatex switch (HO)
Package ifluatex Info: LuaTeX not detected.
Package: ifvtex 2010/03/01 v1.5 Detect VTeX and its facilities (HO)
Package ifvtex Info: VTeX not detected.
Package: intcalc 2007/09/27 v1.1 Expandable calculations with integers (HO)
Package: ifpdf 2011/01/30 v2.3 Provides the ifpdf switch (HO)
Package ifpdf Info: pdfTeX in PDF mode is detected.
Package: etexcmds 2011/02/16 v1.5 Avoid name clashes with e-TeX commands (HO)
Package etexcmds Info: Could not find \expanded.
(etexcmds)             That can mean that you are not using pdfTeX 1.50 or
(etexcmds)             that some package has redefined \expanded.
(etexcmds)             In the latter case, load this package earlier.
Package: kvsetkeys 2012/04/25 v1.16 Key value parser (HO)
Package: kvdefinekeys 2011/04/07 v1.3 Define keys (HO)
Package: pdftexcmds 2011/11/29 v0.20 Utility functions of pdfTeX for LuaTeX (HO
)
Package pdftexcmds Info: LuaTeX not detected.
Package pdftexcmds Info: \pdf@primitive is available.
Package pdftexcmds Info: \pdf@ifprimitive is available.
Package pdftexcmds Info: \pdfdraftmode found.
Package: pdfescape 2011/11/25 v1.13 Implements pdfTeX's escape features (HO)
Package: bigintcalc 2012/04/08 v1.3 Expandable calculations on big integers (HO
)
Package: bitset 2011/01/30 v1.1 Handle bit-vector datatype (HO)
Package: uniquecounter 2011/01/30 v1.2 Provide unlimited unique counter (HO)
)
Package hobsub Info: Skipping package `hobsub' (already loaded).
Package: letltxmacro 2010/09/02 v1.4 Let assignment for LaTeX macros (HO)
Package: hopatch 2012/05/28 v1.2 Wrapper for package hooks (HO)
Package: xcolor-patch 2011/01/30 xcolor patch
Package: atveryend 2011/06/30 v1.8 Hooks at the very end of document (HO)
Package atveryend Info: \enddocument detected (standard20110627).
Package: atbegshi 2011/10/05 v1.16 At begin shipout hook (HO)
Package: refcount 2011/10/16 v3.4 Data extraction from label references (HO)
Package: hycolor 2011/01/30 v1.7 Color options for hyperref/bookmark (HO)
)
(/usr/share/texlive/texmf-dist/tex/latex/graphics/keyval.sty
Package: keyval 1999/03/16 v1.13 key=value parser (DPC)
\KV@toks@=\toks14
)
(/usr/share/texlive/texmf-dist/tex/generic/ifxetex/ifxetex.sty
Package: ifxetex 2010/09/12 v0.6 Provides ifxetex conditional
)
(/usr/share/texlive/texmf-dist/tex/latex/oberdiek/auxhook.sty
Package: auxhook 2011/03/04 v1.3 Hooks for auxiliary files (HO)
)
(/usr/share/texlive/texmf-dist/tex/latex/oberdiek/kvoptions.sty
Package: kvoptions 2011/06/30 v3.11 Key value format for package options (HO)
)
\@linkdim=\dimen103
\Hy@linkcounter=\count87
\Hy@pagecounter=\count88

(/usr/share/texlive/texmf-dist/tex/latex/hyperref/pd1enc.def
File: pd1enc.def 2012/11/06 v6.83m Hyperref: PDFDocEncoding definition (HO)
)
\Hy@SavedSpaceFactor=\count89

(/usr/share/texlive/texmf-dist/tex/latex/latexconfig/hyperref.cfg
File: hyperref.cfg 2002/06/06 v1.2 hyperref configuration of TeXLive
)
Package hyperref Info: Hyper figures OFF on input line 4443.
Package hyperref Info: Link nesting OFF on input line 4448.
Package hyperref Info: Hyper index ON on input line 4451.
Package hyperref Info: Plain pages OFF on input line 4458.
Package hyperref Info: Backreferencing OFF on input line 4463.
Package hyperref Info: Implicit mode ON; LaTeX internals redefined.
Package hyperref Info: Bookmarks ON on input line 4688.
\c@Hy@tempcnt=\count90

(/usr/share/texlive/texmf-dist/tex/latex/url/url.sty
\Urlmuskip=\muskip10
Package: url 2013/09/16  ver 3.4  Verb mode for urls, etc.
)
LaTeX Info: Redefining \url on input line 5041.
\XeTeXLinkMargin=\dimen104
\Fld@menulength=\count91
\Field@Width=\dimen105
\Fld@charsize=\dimen106
Package hyperref Info: Hyper figures OFF on input line 6295.
Package hyperref Info: Link nesting OFF on input line 6300.
Package hyperref Info: Hyper index ON on input line 6303.
Package hyperref Info: backreferencing OFF on input line 6310.
Package hyperref Info: Link coloring OFF on input line 6315.
Package hyperref Info: Link coloring with OCG OFF on input line 6320.
Package hyperref Info: PDF/A mode OFF on input line 6325.
LaTeX Info: Redefining \ref on input line 6365.
LaTeX Info: Redefining \pageref on input line 6369.
\Hy@abspage=\count92
\c@Item=\count93
\c@Hfootnote=\count94
)

Package hyperref Message: Driver (autodetected): hpdftex.

(/usr/share/texlive/texmf-dist/tex/latex/hyperref/hpdftex.def
File: hpdftex.def 2012/11/06 v6.83m Hyperref driver for pdfTeX
\Fld@listcount=\count95
\c@bookmark@seq@number=\count96

(/usr/share/texlive/texmf-dist/tex/latex/oberdiek/rerunfilecheck.sty
Package: rerunfilecheck 2011/04/15 v1.7 Rerun checks for auxiliary files (HO)
Package uniquecounter Info: New unique counter `rerunfilecheck' on input line 2
82.
)
\Hy@SectionHShift=\skip43
)
(/usr/share/texlive/texmf-dist/tex/latex/tools/enumerate.sty
Package: enumerate 1999/03/05 v3.00 enumerate extensions (DPC)
\@enLab=\toks15
)
(/usr/share/texlive/texmf-dist/tex/latex/changepage/changepage.sty
Package: changepage 2009/10/20 v1.0c check page and change page layout
\c@cp@cntr=\count97
\cp@tempcnt=\count98
)
(/usr/share/texlive/texmf-dist/tex/latex/lipsum/lipsum.sty
Package: lipsum 2011/04/14 v1.2 150 paragraphs of Lorem Ipsum dummy text
\c@lips@count=\count99
)
(/usr/share/texlive/texmf-dist/tex/latex/titlesec/titlesec.sty
Package: titlesec 2011/12/15 v2.10.0 Sectioning titles
\ttl@box=\box26
\beforetitleunit=\skip44
\aftertitleunit=\skip45
\ttl@plus=\dimen107
\ttl@minus=\dimen108
\ttl@toksa=\toks16
\titlewidth=\dimen109
\titlewidthlast=\dimen110
\titlewidthfirst=\dimen111
)
(/usr/share/texlive/texmf-dist/tex/latex/cite/cite.sty
LaTeX Info: Redefining \cite on input line 302.
LaTeX Info: Redefining \nocite on input line 373.
Package: cite 2010/09/10  v 5.3
)
(/usr/share/texlive/texmf-dist/tex/latex/comment/comment.sty
\CommentStream=\write3

Excluding comment 'comment') (/usr/share/texmf/tex/latex/xcolor/xcolor.sty
Package: xcolor 2007/01/21 v2.11 LaTeX color extensions (UK)

(/usr/share/texlive/texmf-dist/tex/latex/latexconfig/color.cfg
File: color.cfg 2007/01/18 v1.5 color configuration of teTeX/TeXLive
)
Package xcolor Info: Driver file: pdftex.def on input line 225.

(/usr/share/texlive/texmf-dist/tex/latex/pdftex-def/pdftex.def
File: pdftex.def 2011/05/27 v0.06d Graphics/color for pdfTeX
\Gread@gobject=\count100
)
Package xcolor Info: Model `cmy' substituted by `cmy0' on input line 1337.
Package xcolor Info: Model `hsb' substituted by `rgb' on input line 1341.
Package xcolor Info: Model `RGB' extended on input line 1353.
Package xcolor Info: Model `HTML' substituted by `rgb' on input line 1355.
Package xcolor Info: Model `Hsb' substituted by `hsb' on input line 1356.
Package xcolor Info: Model `tHsb' substituted by `hsb' on input line 1357.
Package xcolor Info: Model `HSB' substituted by `hsb' on input line 1358.
Package xcolor Info: Model `Gray' substituted by `gray' on input line 1359.
Package xcolor Info: Model `wave' substituted by `hsb' on input line 1360.
)
(/usr/share/texlive/texmf-dist/tex/latex/graphics/graphicx.sty
Package: graphicx 1999/02/16 v1.0f Enhanced LaTeX Graphics (DPC,SPQR)

(/usr/share/texlive/texmf-dist/tex/latex/graphics/graphics.sty
Package: graphics 2009/02/05 v1.0o Standard LaTeX Graphics (DPC,SPQR)

(/usr/share/texlive/texmf-dist/tex/latex/graphics/trig.sty
Package: trig 1999/03/16 v1.09 sin cos tan (DPC)
)
(/usr/share/texlive/texmf-dist/tex/latex/latexconfig/graphics.cfg
File: graphics.cfg 2010/04/23 v1.9 graphics configuration of TeX Live
)
Package graphics Info: Driver file: pdftex.def on input line 91.
)
\Gin@req@height=\dimen112
\Gin@req@width=\dimen113
)
(/usr/share/texlive/texmf-dist/tex/latex/amsmath/amsmath.sty
Package: amsmath 2013/01/14 v2.14 AMS math features
\@mathmargin=\skip46

For additional information on amsmath, use the `?' option.
(/usr/share/texlive/texmf-dist/tex/latex/amsmath/amstext.sty
Package: amstext 2000/06/29 v2.01

(/usr/share/texlive/texmf-dist/tex/latex/amsmath/amsgen.sty
File: amsgen.sty 1999/11/30 v2.0
\@emptytoks=\toks17
\ex@=\dimen114
))
(/usr/share/texlive/texmf-dist/tex/latex/amsmath/amsbsy.sty
Package: amsbsy 1999/11/29 v1.2d
\pmbraise@=\dimen115
)
(/usr/share/texlive/texmf-dist/tex/latex/amsmath/amsopn.sty
Package: amsopn 1999/12/14 v2.01 operator names
)
\inf@bad=\count101
LaTeX Info: Redefining \frac on input line 210.
\uproot@=\count102
\leftroot@=\count103
LaTeX Info: Redefining \overline on input line 306.
\classnum@=\count104
\DOTSCASE@=\count105
LaTeX Info: Redefining \ldots on input line 378.
LaTeX Info: Redefining \dots on input line 381.
LaTeX Info: Redefining \cdots on input line 466.
\Mathstrutbox@=\box27
\strutbox@=\box28
\big@size=\dimen116
LaTeX Font Info:    Redeclaring font encoding OML on input line 566.
LaTeX Font Info:    Redeclaring font encoding OMS on input line 567.
\macc@depth=\count106
\c@MaxMatrixCols=\count107
\dotsspace@=\muskip11
\c@parentequation=\count108
\dspbrk@lvl=\count109
\tag@help=\toks18
\row@=\count110
\column@=\count111
\maxfields@=\count112
\andhelp@=\toks19
\eqnshift@=\dimen117
\alignsep@=\dimen118
\tagshift@=\dimen119
\tagwidth@=\dimen120
\totwidth@=\dimen121
\lineht@=\dimen122
\@envbody=\toks20
\multlinegap=\skip47
\multlinetaggap=\skip48
\mathdisplay@stack=\toks21
LaTeX Info: Redefining \[ on input line 2665.
LaTeX Info: Redefining \] on input line 2666.
)
(/usr/share/texlive/texmf-dist/tex/latex/tools/array.sty
Package: array 2008/09/09 v2.4c Tabular extension package (FMi)
\col@sep=\dimen123
\extrarowheight=\dimen124
\NC@list=\toks22
\extratabsurround=\skip49
\backup@length=\skip50
)
(/usr/share/texlive/texmf-dist/tex/latex/subfigure/subfigure.sty
Package: subfigure 2002/03/15 v2.1.5 subfigure package
\subfigtopskip=\skip51
\subfigcapskip=\skip52
\subfigcaptopadj=\dimen125
\subfigbottomskip=\skip53
\subfigcapmargin=\dimen126
\subfiglabelskip=\skip54
\c@subfigure=\count113
\c@lofdepth=\count114
\c@subtable=\count115
\c@lotdepth=\count116

****************************************
* Local config file subfigure.cfg used *
****************************************
(/usr/share/texlive/texmf-dist/tex/latex/subfigure/subfigure.cfg)
\subfig@top=\skip55
\subfig@bottom=\skip56
)
(./writeup-0720.aux)
\openout1 = `writeup-0720.aux'.

LaTeX Font Info:    Checking defaults for OML/cmm/m/it on input line 33.
LaTeX Font Info:    ... okay on input line 33.
LaTeX Font Info:    Checking defaults for T1/cmr/m/n on input line 33.
LaTeX Font Info:    ... okay on input line 33.
LaTeX Font Info:    Checking defaults for OT1/cmr/m/n on input line 33.
LaTeX Font Info:    ... okay on input line 33.
LaTeX Font Info:    Checking defaults for OMS/cmsy/m/n on input line 33.
LaTeX Font Info:    ... okay on input line 33.
LaTeX Font Info:    Checking defaults for OMX/cmex/m/n on input line 33.
LaTeX Font Info:    ... okay on input line 33.
LaTeX Font Info:    Checking defaults for U/cmr/m/n on input line 33.
LaTeX Font Info:    ... okay on input line 33.
LaTeX Font Info:    Checking defaults for PD1/pdf/m/n on input line 33.
LaTeX Font Info:    ... okay on input line 33.
\AtBeginShipoutBox=\box29
Package hyperref Info: Link coloring OFF on input line 33.

(/usr/share/texlive/texmf-dist/tex/latex/hyperref/nameref.sty
Package: nameref 2012/10/27 v2.43 Cross-referencing by name of section

(/usr/share/texlive/texmf-dist/tex/generic/oberdiek/gettitlestring.sty
Package: gettitlestring 2010/12/03 v1.4 Cleanup title references (HO)
)
\c@section@level=\count117
)
LaTeX Info: Redefining \ref on input line 33.
LaTeX Info: Redefining \pageref on input line 33.
LaTeX Info: Redefining \nameref on input line 33.

(./writeup-0720.out) (./writeup-0720.out)
\@outlinefile=\write4
\openout4 = `writeup-0720.out'.


(/usr/share/texlive/texmf-dist/tex/context/base/supp-pdf.mkii
[Loading MPS to PDF converter (version 2006.09.02).]
\scratchcounter=\count118
\scratchdimen=\dimen127
\scratchbox=\box30
\nofMPsegments=\count119
\nofMParguments=\count120
\everyMPshowfont=\toks23
\MPscratchCnt=\count121
\MPscratchDim=\dimen128
\MPnumerator=\count122
\makeMPintoPDFobject=\count123
\everyMPtoPDFconversion=\toks24
) (/usr/share/texlive/texmf-dist/tex/latex/oberdiek/epstopdf-base.sty
Package: epstopdf-base 2010/02/09 v2.5 Base part for package epstopdf

(/usr/share/texlive/texmf-dist/tex/latex/oberdiek/grfext.sty
Package: grfext 2010/08/19 v1.1 Manage graphics extensions (HO)
)
Package grfext Info: Graphics extension search list:
(grfext)             [.pdf,.jpeg,.png,.jpg,.eps]
(grfext)             \AppendGraphicsExtensions on input line 452.

(/usr/share/texlive/texmf-dist/tex/latex/latexconfig/epstopdf-sys.cfg
File: epstopdf-sys.cfg 2010/07/13 v1.3 Configuration of (r)epstopdf for TeX Liv
e
))
LaTeX Font Info:    External font `cmex10' loaded for size
(Font)              <14.4> on input line 36.
LaTeX Font Info:    External font `cmex10' loaded for size
(Font)              <7> on input line 36.


LaTeX Warning: No \author given.

(./writeup-0720.toc
LaTeX Font Info:    External font `cmex10' loaded for size
(Font)              <12> on input line 2.
LaTeX Font Info:    External font `cmex10' loaded for size
(Font)              <8> on input line 2.
LaTeX Font Info:    External font `cmex10' loaded for size
(Font)              <6> on input line 2.
 [1

{/var/lib/texmf/fonts/map/pdftex/updmap/pdftex.map}]
[2])
\tf@toc=\write5
\openout5 = `writeup-0720.toc'.

 [3] [4] [5] [6] <images/sheffield.png, id=410, 698.61pt x 423.5825pt>
File: images/sheffield.png Graphic file (type png)

<use images/sheffield.png>
Package pdftex.def Info: images/sheffield.png used on input line 224.
(pdftex.def)             Requested size: 328.62788pt x 199.25832pt.
 [7] [8 <./images/sheffield.png (PNG copy)>] [9]
[10]
LaTeX Font Info:    Try loading font information for OMS+cmr on input line 389.

 (/usr/share/texlive/texmf-dist/tex/latex/base/omscmr.fd
File: omscmr.fd 1999/05/25 v2.5h Standard LaTeX font definitions
)
LaTeX Font Info:    Font shape `OMS/cmr/m/n' in size <12> not available
(Font)              Font shape `OMS/cmsy/m/n' tried instead on input line 389.
 [11] [12]
[13] Excluding 'comment' comment. [14] [15] [16] [17] [18] [19] [20] [21]
[22] [23] [24] Excluding 'comment' comment. [25]
<images/flow.png, id=654, 901.3675pt x 250.9375pt>
File: images/flow.png Graphic file (type png)
 <use images/flow.png>
Package pdftex.def Info: images/flow.png used on input line 1125.
(pdftex.def)             Requested size: 328.62788pt x 91.48994pt.

[26 <./images/flow.png (PNG copy)>] Excluding 'comment' comment.
<images/mellonArena.png, id=669, 654.445pt x 397.485pt>
File: images/mellonArena.png Graphic file (type png)

<use images/mellonArena.png>
Package pdftex.def Info: images/mellonArena.png used on input line 1208.
(pdftex.def)             Requested size: 234.73523pt x 142.56682pt.

<images/mellonPie.png, id=670, 354.32375pt x 288.07625pt>
File: images/mellonPie.png Graphic file (type png)

<use images/mellonPie.png>
Package pdftex.def Info: images/mellonPie.png used on input line 1215.
(pdftex.def)             Requested size: 140.84256pt x 114.51195pt.
 [27]

LaTeX Warning: `!h' float specifier changed to `!ht'.

<images/mellonTop.png, id=681, 1255.69125pt x 601.24625pt>
File: images/mellonTop.png Graphic file (type png)

<use images/mellonTop.png>
Package pdftex.def Info: images/mellonTop.png used on input line 1267.
(pdftex.def)             Requested size: 328.62788pt x 157.34784pt.

<images/sitePlan.png, id=682, 621.07031pt x 271.0125pt>
File: images/sitePlan.png Graphic file (type png)

<use images/sitePlan.png>
Package pdftex.def Info: images/sitePlan.png used on input line 1274.
(pdftex.def)             Requested size: 328.62788pt x 143.40022pt.


LaTeX Warning: `!h' float specifier changed to `!ht'.

[28 <./images/mellonArena.png (PNG copy)> <./images/mellonPie.png (PNG copy)>]
[29] <images/heatBox.png, id=700, 578.16pt x 433.62pt>
File: images/heatBox.png Graphic file (type png)

<use images/heatBox.png>
Package pdftex.def Info: images/heatBox.png used on input line 1329.
(pdftex.def)             Requested size: 328.62788pt x 246.47124pt.
 <images/coolBox.png, id=702, 578.16pt x 433.62pt>
File: images/coolBox.png Graphic file (type png)

<use images/coolBox.png>
Package pdftex.def Info: images/coolBox.png used on input line 1336.
(pdftex.def)             Requested size: 328.62788pt x 246.47124pt.


LaTeX Warning: `!h' float specifier changed to `!ht'.

[30 <./images/mellonTop.png (PNG copy)> <./images/sitePlan.png>] [31 <./images/
heatBox.png> <./images/coolBox.png>]
<images/arcgisTime.png, id=722, 934.49126pt x 714.67pt>
File: images/arcgisTime.png Graphic file (type png)

<use images/arcgisTime.png>
Package pdftex.def Info: images/arcgisTime.png used on input line 1372.
(pdftex.def)             Requested size: 234.73523pt x 179.51764pt.
 [32 <./images/arcgisTime.png (PNG copy)>] [33]

Package amsmath Warning: Foreign command \over;
(amsmath)                \frac or \genfrac should be used instead
(amsmath)                 on input line 1456.

[34] [35] <images/interface0720.png, id=758, 1219.55624pt x 696.6025pt>
File: images/interface0720.png Graphic file (type png)

<use images/interface0720.png>
Package pdftex.def Info: images/interface0720.png used on input line 1573.
(pdftex.def)             Requested size: 328.62788pt x 187.71317pt.

<images/interface2d.png, id=759, 1223.57124pt x 704.6325pt>
File: images/interface2d.png Graphic file (type png)

<use images/interface2d.png>
Package pdftex.def Info: images/interface2d.png used on input line 1580.
(pdftex.def)             Requested size: 328.62788pt x 189.24265pt.

<images/legend.png, id=762, 930.47626pt x 501.875pt>
File: images/legend.png Graphic file (type png)
 <use images/legend.png>
Package pdftex.def Info: images/legend.png used on input line 1594.
(pdftex.def)             Requested size: 328.62788pt x 177.25174pt.

[36]

LaTeX Warning: `!h' float specifier changed to `!ht'.

[37 <./images/interface0720.png (PNG copy)> <./images/interface2d.png (PNG copy
)>] [38 <./images/legend.png (PNG copy)>] Excluding 'comment' comment.
Excluding 'comment' comment. Excluding 'comment' comment. [39]
(./writeup-0720.bbl
Underfull \hbox (badness 1168) in paragraph at lines 17--21
[]\OT1/cmr/m/n/12 Global Car-bon At-las.  Global car-bon at-las.  web, July 201
5.  []$\OT1/cmtt/m/n/12 http : / / www .
 []


Underfull \hbox (badness 3884) in paragraph at lines 29--33
[]\OT1/cmr/m/n/12 Michael Bar-ton, Daniel Cavelo Aros, Mar-tin Landa, and Jachy
m Cepicky.
 []


Underfull \hbox (badness 1502) in paragraph at lines 60--65
[]\OT1/cmr/m/n/12 Department of En-ergy and Cli-mate Change.  About the na-tion
al heat map.
 []


Underfull \hbox (badness 3460) in paragraph at lines 67--72
[]\OT1/cmr/m/n/12 Department of En-ergy and Cli-mate Change.  Cold wa-ter could
 heat one
 []


Underfull \hbox (badness 2662) in paragraph at lines 67--72
\OT1/cmr/m/n/12 mil-lion homes.  web, March 2015.  []$\OT1/cmtt/m/n/12 https : 
/ / www . gov . uk / government / news /
 []

[40]
Underfull \hbox (badness 2913) in paragraph at lines 101--105
[]\OT1/cmr/m/n/12 DOE.  So-lar plants on-line.  web, July 2015.  []$\OT1/cmtt/m
/n/12 http : / / energy . gov / maps /
 []


Underfull \hbox (badness 10000) in paragraph at lines 131--136
[]\OT1/cmr/m/n/12 DOE.  Wind vi-sion.  web, July 2015.  []$\OT1/cmtt/m/n/12 htt
p : / / energy . gov / maps /
 []


Underfull \hbox (badness 3769) in paragraph at lines 150--155
[]\OT1/cmr/m/n/12 EIA.  Monthly en-ergy re-view.  web, May 2014.  []$\OT1/cmtt/
m/n/12 http : / / www . eia . gov /
 []

[41]
Missing character: There is no â in font cmr12!
Missing character: There is no € in font cmr12!
Missing character: There is no “ in font cmr12!
 [42]
Underfull \hbox (badness 3439) in paragraph at lines 254--258
[]\OT1/cmr/m/n/12 Geoffrey Hay, Christo-pher Kyle, Bha-ranid-ha-ran Hemachan-dr
an, Gang Chen,
 []

Missing character: There is no Ã in font cmr12!
Missing character: There is no ¼ in font cmr12!
[43]
Underfull \hbox (badness 10000) in paragraph at lines 325--330
[]\OT1/cmr/m/n/12 Office of En-ergy Ef-fi-ciency & Re-new-able En-ergy.  Com-me
r-cial ref-er-
 []


Underfull \hbox (badness 6691) in paragraph at lines 325--330
\OT1/cmr/m/n/12 ence build-ings.  web, June 2015.  []$\OT1/cmtt/m/n/12 http : /
 / energy . gov / eere / buildings /
 []

[44]
Missing character: There is no Ã in font cmr12!
Missing character: There is no „ in font cmr12!
)
Package atveryend Info: Empty hook `BeforeClearDocument' on input line 1740.
 [45]
Package atveryend Info: Empty hook `AfterLastShipout' on input line 1740.
 (./writeup-0720.aux)
Package atveryend Info: Executing hook `AtVeryEndDocument' on input line 1740.
Package atveryend Info: Executing hook `AtEndAfterFileList' on input line 1740.

Package rerunfilecheck Info: File `writeup-0720.out' has not changed.
(rerunfilecheck)             Checksum: 32B5781BE21EF18140D2E9918D300B53;5967.
Package atveryend Info: Empty hook `AtVeryVeryEnd' on input line 1740.
 ) 
Here is how much of TeX's memory you used:
 7388 strings out of 495028
 104893 string characters out of 6181498
 286030 words of memory out of 5000000
 10288 multiletter control sequences out of 15000+600000
 9932 words of font info for 35 fonts, out of 8000000 for 9000
 14 hyphenation exceptions out of 8191
 29i,10n,35p,238b,433s stack positions out of 5000i,500n,10000p,200000b,80000s
</usr/share/texlive/texmf-dist/fonts/type1/public/amsfonts/cm/cmbx10.pfb></us
r/share/texlive/texmf-dist/fonts/type1/public/amsfonts/cm/cmbx12.pfb></usr/shar
e/texlive/texmf-dist/fonts/type1/public/amsfonts/cm/cmmi12.pfb></usr/share/texl
ive/texmf-dist/fonts/type1/public/amsfonts/cm/cmr10.pfb></usr/share/texlive/tex
mf-dist/fonts/type1/public/amsfonts/cm/cmr12.pfb></usr/share/texlive/texmf-dist
/fonts/type1/public/amsfonts/cm/cmr17.pfb></usr/share/texlive/texmf-dist/fonts/
type1/public/amsfonts/cm/cmr8.pfb></usr/share/texlive/texmf-dist/fonts/type1/pu
blic/amsfonts/cm/cmsy10.pfb></usr/share/texlive/texmf-dist/fonts/type1/public/a
msfonts/cm/cmsy8.pfb></usr/share/texlive/texmf-dist/fonts/type1/public/amsfonts
/cm/cmti12.pfb></usr/share/texlive/texmf-dist/fonts/type1/public/amsfonts/cm/cm
tt12.pfb>
Output written on writeup-0720.pdf (45 pages, 1593492 bytes).
PDF statistics:
 972 PDF objects out of 1000 (max. 8388607)
 891 compressed objects within 9 object streams
 214 named destinations out of 1000 (max. 500000)
 621 words of extra memory for PDF output out of 10000 (max. 10000000)

