\BOOKMARK [1][-]{section.1}{General Introduction}{}% 1
\BOOKMARK [2][-]{subsection.1.1}{Project Overview}{section.1}% 2
\BOOKMARK [2][-]{subsection.1.2}{Definition of Energy Map}{section.1}% 3
\BOOKMARK [3][-]{subsubsection.1.2.1}{Energy Thematic Map}{subsection.1.2}% 4
\BOOKMARK [3][-]{subsubsection.1.2.2}{Geo-database of Building Energy}{subsection.1.2}% 5
\BOOKMARK [3][-]{subsubsection.1.2.3}{Coupled Geo-database and Energy Simulation Platform}{subsection.1.2}% 6
\BOOKMARK [2][-]{subsection.1.3}{Why ``time'' dimension is important for an Energy Map}{section.1}% 7
\BOOKMARK [3][-]{subsubsection.1.3.1}{Strong Temporal Variation of Energy Demand}{subsection.1.3}% 8
\BOOKMARK [3][-]{subsubsection.1.3.2}{Close Match of Supply Side to Demand Side Improves Community Scale Energy Performance}{subsection.1.3}% 9
\BOOKMARK [4][-]{paragraph.1.3.2.1}{District Energy System Sizing}{subsubsection.1.3.2}% 10
\BOOKMARK [4][-]{paragraph.1.3.2.2}{Community Energy Planing}{subsubsection.1.3.2}% 11
\BOOKMARK [2][-]{subsection.1.4}{General Description of Dynamic Energy Map}{section.1}% 12
\BOOKMARK [3][-]{subsubsection.1.4.1}{Thematic Map Time Series}{subsection.1.4}% 13
\BOOKMARK [3][-]{subsubsection.1.4.2}{Spatial-Temporal Energy-geo-database}{subsection.1.4}% 14
\BOOKMARK [3][-]{subsubsection.1.4.3}{Performance Based Geo-design Support Platform}{subsection.1.4}% 15
\BOOKMARK [1][-]{section.2}{Objective and Problem Definition}{}% 16
\BOOKMARK [2][-]{subsection.2.1}{Exploring potential use cases of Dynamic Energy Map}{section.2}% 17
\BOOKMARK [3][-]{subsubsection.2.1.1}{Definition of Dynamic Energy Map for Supporting District System Design}{subsection.2.1}% 18
\BOOKMARK [1][-]{section.3}{Related Works}{}% 19
\BOOKMARK [2][-]{subsection.3.1}{Static Energy Map}{section.3}% 20
\BOOKMARK [3][-]{subsubsection.3.1.1}{Supply side: Assessing renewable energy potential}{subsection.3.1}% 21
\BOOKMARK [3][-]{subsubsection.3.1.2}{Supply and Demand Side: Analysis or design support of existing energy infrastructures}{subsection.3.1}% 22
\BOOKMARK [3][-]{subsubsection.3.1.3}{Demand Side: Energy consumption prediction model}{subsection.3.1}% 23
\BOOKMARK [3][-]{subsubsection.3.1.4}{Demand Side: Smart Management of Urban Energy System}{subsection.3.1}% 24
