This is pdfTeX, Version 3.1415926-2.5-1.40.14 (TeX Live 2013/Debian) (format=pdflatex 2014.9.7)  20 AUG 2015 17:21
entering extended mode
 restricted \write18 enabled.
 file:line:error style messages enabled.
 %&-line parsing enabled.
**\input main.tex
(./main.tex (./Thesis.cls
Document Class: Thesis 2007/22/02 v1.0 LaTeX document class
(/usr/share/texlive/texmf-dist/tex/latex/base/book.cls
Document Class: book 2007/10/19 v1.4h Standard LaTeX document class
(/usr/share/texlive/texmf-dist/tex/latex/base/bk11.clo
File: bk11.clo 2007/10/19 v1.4h Standard LaTeX file (size option)
)
\c@part=\count79
\c@chapter=\count80
\c@section=\count81
\c@subsection=\count82
\c@subsubsection=\count83
\c@paragraph=\count84
\c@subparagraph=\count85
\c@figure=\count86
\c@table=\count87
\abovecaptionskip=\skip41
\belowcaptionskip=\skip42
\bibindent=\dimen102
)
(/usr/share/texlive/texmf-dist/tex/latex/setspace/setspace.sty
Package: setspace 2011/12/19 v6.7a set line spacing
)
(/usr/share/texlive/texmf-dist/tex/latex/tools/multicol.sty
Package: multicol 2011/06/27 v1.7a multicolumn formatting (FMi)
\c@tracingmulticols=\count88
\mult@box=\box26
\multicol@leftmargin=\dimen103
\c@unbalance=\count89
\c@collectmore=\count90
\doublecol@number=\count91
\multicoltolerance=\count92
\multicolpretolerance=\count93
\full@width=\dimen104
\page@free=\dimen105
\premulticols=\dimen106
\postmulticols=\dimen107
\multicolsep=\skip43
\multicolbaselineskip=\skip44
\partial@page=\box27
\last@line=\box28
\mult@rightbox=\box29
\mult@grightbox=\box30
\mult@gfirstbox=\box31
\mult@firstbox=\box32
\@tempa=\box33
\@tempa=\box34
\@tempa=\box35
\@tempa=\box36
\@tempa=\box37
\@tempa=\box38
\@tempa=\box39
\@tempa=\box40
\@tempa=\box41
\@tempa=\box42
\@tempa=\box43
\@tempa=\box44
\@tempa=\box45
\@tempa=\box46
\@tempa=\box47
\@tempa=\box48
\@tempa=\box49
\c@columnbadness=\count94
\c@finalcolumnbadness=\count95
\last@try=\dimen108
\multicolovershoot=\dimen109
\multicolundershoot=\dimen110
\mult@nat@firstbox=\box50
\colbreak@box=\box51
\multicol@sort@counter=\count96
)
(/usr/share/texlive/texmf-dist/tex/latex/vmargin/vmargin.sty
Package: vmargin 2004/07/15 V2.5 set document margins (VK)

Package: vmargin 2004/07/15 V2.5 set document margins (VK)
\PaperWidth=\dimen111
\PaperHeight=\dimen112
) (/usr/share/texlive/texmf-dist/tex/latex/base/inputenc.sty
Package: inputenc 2008/03/30 v1.1d Input encoding file
\inpenc@prehook=\toks14
\inpenc@posthook=\toks15

(/usr/share/texlive/texmf-dist/tex/latex/base/utf8.def
File: utf8.def 2008/04/05 v1.1m UTF-8 support for inputenc
Now handling font encoding OML ...
... no UTF-8 mapping file for font encoding OML
Now handling font encoding T1 ...
... processing UTF-8 mapping file for font encoding T1

(/usr/share/texlive/texmf-dist/tex/latex/base/t1enc.dfu
File: t1enc.dfu 2008/04/05 v1.1m UTF-8 support for inputenc
   defining Unicode char U+00A1 (decimal 161)
   defining Unicode char U+00A3 (decimal 163)
   defining Unicode char U+00AB (decimal 171)
   defining Unicode char U+00BB (decimal 187)
   defining Unicode char U+00BF (decimal 191)
   defining Unicode char U+00C0 (decimal 192)
   defining Unicode char U+00C1 (decimal 193)
   defining Unicode char U+00C2 (decimal 194)
   defining Unicode char U+00C3 (decimal 195)
   defining Unicode char U+00C4 (decimal 196)
   defining Unicode char U+00C5 (decimal 197)
   defining Unicode char U+00C6 (decimal 198)
   defining Unicode char U+00C7 (decimal 199)
   defining Unicode char U+00C8 (decimal 200)
   defining Unicode char U+00C9 (decimal 201)
   defining Unicode char U+00CA (decimal 202)
   defining Unicode char U+00CB (decimal 203)
   defining Unicode char U+00CC (decimal 204)
   defining Unicode char U+00CD (decimal 205)
   defining Unicode char U+00CE (decimal 206)
   defining Unicode char U+00CF (decimal 207)
   defining Unicode char U+00D0 (decimal 208)
   defining Unicode char U+00D1 (decimal 209)
   defining Unicode char U+00D2 (decimal 210)
   defining Unicode char U+00D3 (decimal 211)
   defining Unicode char U+00D4 (decimal 212)
   defining Unicode char U+00D5 (decimal 213)
   defining Unicode char U+00D6 (decimal 214)
   defining Unicode char U+00D8 (decimal 216)
   defining Unicode char U+00D9 (decimal 217)
   defining Unicode char U+00DA (decimal 218)
   defining Unicode char U+00DB (decimal 219)
   defining Unicode char U+00DC (decimal 220)
   defining Unicode char U+00DD (decimal 221)
   defining Unicode char U+00DE (decimal 222)
   defining Unicode char U+00DF (decimal 223)
   defining Unicode char U+00E0 (decimal 224)
   defining Unicode char U+00E1 (decimal 225)
   defining Unicode char U+00E2 (decimal 226)
   defining Unicode char U+00E3 (decimal 227)
   defining Unicode char U+00E4 (decimal 228)
   defining Unicode char U+00E5 (decimal 229)
   defining Unicode char U+00E6 (decimal 230)
   defining Unicode char U+00E7 (decimal 231)
   defining Unicode char U+00E8 (decimal 232)
   defining Unicode char U+00E9 (decimal 233)
   defining Unicode char U+00EA (decimal 234)
   defining Unicode char U+00EB (decimal 235)
   defining Unicode char U+00EC (decimal 236)
   defining Unicode char U+00ED (decimal 237)
   defining Unicode char U+00EE (decimal 238)
   defining Unicode char U+00EF (decimal 239)
   defining Unicode char U+00F0 (decimal 240)
   defining Unicode char U+00F1 (decimal 241)
   defining Unicode char U+00F2 (decimal 242)
   defining Unicode char U+00F3 (decimal 243)
   defining Unicode char U+00F4 (decimal 244)
   defining Unicode char U+00F5 (decimal 245)
   defining Unicode char U+00F6 (decimal 246)
   defining Unicode char U+00F8 (decimal 248)
   defining Unicode char U+00F9 (decimal 249)
   defining Unicode char U+00FA (decimal 250)
   defining Unicode char U+00FB (decimal 251)
   defining Unicode char U+00FC (decimal 252)
   defining Unicode char U+00FD (decimal 253)
   defining Unicode char U+00FE (decimal 254)
   defining Unicode char U+00FF (decimal 255)
   defining Unicode char U+0102 (decimal 258)
   defining Unicode char U+0103 (decimal 259)
   defining Unicode char U+0104 (decimal 260)
   defining Unicode char U+0105 (decimal 261)
   defining Unicode char U+0106 (decimal 262)
   defining Unicode char U+0107 (decimal 263)
   defining Unicode char U+010C (decimal 268)
   defining Unicode char U+010D (decimal 269)
   defining Unicode char U+010E (decimal 270)
   defining Unicode char U+010F (decimal 271)
   defining Unicode char U+0110 (decimal 272)
   defining Unicode char U+0111 (decimal 273)
   defining Unicode char U+0118 (decimal 280)
   defining Unicode char U+0119 (decimal 281)
   defining Unicode char U+011A (decimal 282)
   defining Unicode char U+011B (decimal 283)
   defining Unicode char U+011E (decimal 286)
   defining Unicode char U+011F (decimal 287)
   defining Unicode char U+0130 (decimal 304)
   defining Unicode char U+0131 (decimal 305)
   defining Unicode char U+0132 (decimal 306)
   defining Unicode char U+0133 (decimal 307)
   defining Unicode char U+0139 (decimal 313)
   defining Unicode char U+013A (decimal 314)
   defining Unicode char U+013D (decimal 317)
   defining Unicode char U+013E (decimal 318)
   defining Unicode char U+0141 (decimal 321)
   defining Unicode char U+0142 (decimal 322)
   defining Unicode char U+0143 (decimal 323)
   defining Unicode char U+0144 (decimal 324)
   defining Unicode char U+0147 (decimal 327)
   defining Unicode char U+0148 (decimal 328)
   defining Unicode char U+014A (decimal 330)
   defining Unicode char U+014B (decimal 331)
   defining Unicode char U+0150 (decimal 336)
   defining Unicode char U+0151 (decimal 337)
   defining Unicode char U+0152 (decimal 338)
   defining Unicode char U+0153 (decimal 339)
   defining Unicode char U+0154 (decimal 340)
   defining Unicode char U+0155 (decimal 341)
   defining Unicode char U+0158 (decimal 344)
   defining Unicode char U+0159 (decimal 345)
   defining Unicode char U+015A (decimal 346)
   defining Unicode char U+015B (decimal 347)
   defining Unicode char U+015E (decimal 350)
   defining Unicode char U+015F (decimal 351)
   defining Unicode char U+0160 (decimal 352)
   defining Unicode char U+0161 (decimal 353)
   defining Unicode char U+0162 (decimal 354)
   defining Unicode char U+0163 (decimal 355)
   defining Unicode char U+0164 (decimal 356)
   defining Unicode char U+0165 (decimal 357)
   defining Unicode char U+016E (decimal 366)
   defining Unicode char U+016F (decimal 367)
   defining Unicode char U+0170 (decimal 368)
   defining Unicode char U+0171 (decimal 369)
   defining Unicode char U+0178 (decimal 376)
   defining Unicode char U+0179 (decimal 377)
   defining Unicode char U+017A (decimal 378)
   defining Unicode char U+017B (decimal 379)
   defining Unicode char U+017C (decimal 380)
   defining Unicode char U+017D (decimal 381)
   defining Unicode char U+017E (decimal 382)
   defining Unicode char U+200C (decimal 8204)
   defining Unicode char U+2013 (decimal 8211)
   defining Unicode char U+2014 (decimal 8212)
   defining Unicode char U+2018 (decimal 8216)
   defining Unicode char U+2019 (decimal 8217)
   defining Unicode char U+201A (decimal 8218)
   defining Unicode char U+201C (decimal 8220)
   defining Unicode char U+201D (decimal 8221)
   defining Unicode char U+201E (decimal 8222)
   defining Unicode char U+2030 (decimal 8240)
   defining Unicode char U+2031 (decimal 8241)
   defining Unicode char U+2039 (decimal 8249)
   defining Unicode char U+203A (decimal 8250)
   defining Unicode char U+2423 (decimal 9251)
)
Now handling font encoding OT1 ...
... processing UTF-8 mapping file for font encoding OT1

(/usr/share/texlive/texmf-dist/tex/latex/base/ot1enc.dfu
File: ot1enc.dfu 2008/04/05 v1.1m UTF-8 support for inputenc
   defining Unicode char U+00A1 (decimal 161)
   defining Unicode char U+00A3 (decimal 163)
   defining Unicode char U+00B8 (decimal 184)
   defining Unicode char U+00BF (decimal 191)
   defining Unicode char U+00C5 (decimal 197)
   defining Unicode char U+00C6 (decimal 198)
   defining Unicode char U+00D8 (decimal 216)
   defining Unicode char U+00DF (decimal 223)
   defining Unicode char U+00E6 (decimal 230)
   defining Unicode char U+00EC (decimal 236)
   defining Unicode char U+00ED (decimal 237)
   defining Unicode char U+00EE (decimal 238)
   defining Unicode char U+00EF (decimal 239)
   defining Unicode char U+00F8 (decimal 248)
   defining Unicode char U+0131 (decimal 305)
   defining Unicode char U+0141 (decimal 321)
   defining Unicode char U+0142 (decimal 322)
   defining Unicode char U+0152 (decimal 338)
   defining Unicode char U+0153 (decimal 339)
   defining Unicode char U+2013 (decimal 8211)
   defining Unicode char U+2014 (decimal 8212)
   defining Unicode char U+2018 (decimal 8216)
   defining Unicode char U+2019 (decimal 8217)
   defining Unicode char U+201C (decimal 8220)
   defining Unicode char U+201D (decimal 8221)
)
Now handling font encoding OMS ...
... processing UTF-8 mapping file for font encoding OMS

(/usr/share/texlive/texmf-dist/tex/latex/base/omsenc.dfu
File: omsenc.dfu 2008/04/05 v1.1m UTF-8 support for inputenc
   defining Unicode char U+00A7 (decimal 167)
   defining Unicode char U+00B6 (decimal 182)
   defining Unicode char U+00B7 (decimal 183)
   defining Unicode char U+2020 (decimal 8224)
   defining Unicode char U+2021 (decimal 8225)
   defining Unicode char U+2022 (decimal 8226)
)
Now handling font encoding OMX ...
... no UTF-8 mapping file for font encoding OMX
Now handling font encoding U ...
... no UTF-8 mapping file for font encoding U
   defining Unicode char U+00A9 (decimal 169)
   defining Unicode char U+00AA (decimal 170)
   defining Unicode char U+00AE (decimal 174)
   defining Unicode char U+00BA (decimal 186)
   defining Unicode char U+02C6 (decimal 710)
   defining Unicode char U+02DC (decimal 732)
   defining Unicode char U+200C (decimal 8204)
   defining Unicode char U+2026 (decimal 8230)
   defining Unicode char U+2122 (decimal 8482)
   defining Unicode char U+2423 (decimal 9251)
))
(/usr/share/texlive/texmf-dist/tex/latex/fancyhdr/fancyhdr.sty
\fancy@headwidth=\skip45
\f@ncyO@elh=\skip46
\f@ncyO@erh=\skip47
\f@ncyO@olh=\skip48
\f@ncyO@orh=\skip49
\f@ncyO@elf=\skip50
\f@ncyO@erf=\skip51
\f@ncyO@olf=\skip52
\f@ncyO@orf=\skip53
)
(/usr/share/texlive/texmf-dist/tex/latex/amsmath/amsmath.sty
Package: amsmath 2013/01/14 v2.14 AMS math features
\@mathmargin=\skip54

For additional information on amsmath, use the `?' option.
(/usr/share/texlive/texmf-dist/tex/latex/amsmath/amstext.sty
Package: amstext 2000/06/29 v2.01

(/usr/share/texlive/texmf-dist/tex/latex/amsmath/amsgen.sty
File: amsgen.sty 1999/11/30 v2.0
\@emptytoks=\toks16
\ex@=\dimen113
))
(/usr/share/texlive/texmf-dist/tex/latex/amsmath/amsbsy.sty
Package: amsbsy 1999/11/29 v1.2d
\pmbraise@=\dimen114
)
(/usr/share/texlive/texmf-dist/tex/latex/amsmath/amsopn.sty
Package: amsopn 1999/12/14 v2.01 operator names
)
\inf@bad=\count97
LaTeX Info: Redefining \frac on input line 210.
\uproot@=\count98
\leftroot@=\count99
LaTeX Info: Redefining \overline on input line 306.
\classnum@=\count100
\DOTSCASE@=\count101
LaTeX Info: Redefining \ldots on input line 378.
LaTeX Info: Redefining \dots on input line 381.
LaTeX Info: Redefining \cdots on input line 466.
\Mathstrutbox@=\box52
\strutbox@=\box53
\big@size=\dimen115
LaTeX Font Info:    Redeclaring font encoding OML on input line 566.
LaTeX Font Info:    Redeclaring font encoding OMS on input line 567.
\macc@depth=\count102
\c@MaxMatrixCols=\count103
\dotsspace@=\muskip10
\c@parentequation=\count104
\dspbrk@lvl=\count105
\tag@help=\toks17
\row@=\count106
\column@=\count107
\maxfields@=\count108
\andhelp@=\toks18
\eqnshift@=\dimen116
\alignsep@=\dimen117
\tagshift@=\dimen118
\tagwidth@=\dimen119
\totwidth@=\dimen120
\lineht@=\dimen121
\@envbody=\toks19
\multlinegap=\skip55
\multlinetaggap=\skip56
\mathdisplay@stack=\toks20
LaTeX Info: Redefining \[ on input line 2665.
LaTeX Info: Redefining \] on input line 2666.
)
(/usr/share/texlive/texmf-dist/tex/latex/amsfonts/amsfonts.sty
Package: amsfonts 2013/01/14 v3.01 Basic AMSFonts support
\symAMSa=\mathgroup4
\symAMSb=\mathgroup5
LaTeX Font Info:    Overwriting math alphabet `\mathfrak' in version `bold'
(Font)                  U/euf/m/n --> U/euf/b/n on input line 106.
)
(/usr/share/texlive/texmf-dist/tex/latex/amsfonts/amssymb.sty
Package: amssymb 2013/01/14 v3.01 AMS font symbols
)
(/usr/share/texlive/texmf-dist/tex/latex/amsmath/amscd.sty
Package: amscd 1999/11/29 v2.0
\athelp@=\toks21
\minaw@=\dimen122
\bigaw@=\dimen123
\minCDarrowwidth=\dimen124
)
(/usr/share/texlive/texmf-dist/tex/latex/amscls/amsthm.sty
Package: amsthm 2004/08/06 v2.20
\thm@style=\toks22
\thm@bodyfont=\toks23
\thm@headfont=\toks24
\thm@notefont=\toks25
\thm@headpunct=\toks26
\thm@preskip=\skip57
\thm@postskip=\skip58
\thm@headsep=\skip59
\dth@everypar=\toks27
)
(/usr/share/texlive/texmf-dist/tex/latex/tools/xspace.sty
Package: xspace 2009/10/20 v1.13 Space after command names (DPC,MH)
)
\c@example=\count109
\c@theorem=\count110

(/usr/share/texlive/texmf-dist/tex/latex/caption/caption.sty
Package: caption 2013/05/02 v3.3-89 Customizing captions (AR)

(/usr/share/texlive/texmf-dist/tex/latex/caption/caption3.sty
Package: caption3 2013/05/02 v1.6-88 caption3 kernel (AR)
Package caption3 Info: TeX engine: e-TeX on input line 57.

(/usr/share/texlive/texmf-dist/tex/latex/graphics/keyval.sty
Package: keyval 1999/03/16 v1.13 key=value parser (DPC)
\KV@toks@=\toks28
)
\captionmargin=\dimen125
\captionmargin@=\dimen126
\captionwidth=\dimen127
\caption@tempdima=\dimen128
\caption@indent=\dimen129
\caption@parindent=\dimen130
\caption@hangindent=\dimen131
)
\c@ContinuedFloat=\count111
)
(/usr/share/texlive/texmf-dist/tex/latex/graphics/graphicx.sty
Package: graphicx 1999/02/16 v1.0f Enhanced LaTeX Graphics (DPC,SPQR)

(/usr/share/texlive/texmf-dist/tex/latex/graphics/graphics.sty
Package: graphics 2009/02/05 v1.0o Standard LaTeX Graphics (DPC,SPQR)

(/usr/share/texlive/texmf-dist/tex/latex/graphics/trig.sty
Package: trig 1999/03/16 v1.09 sin cos tan (DPC)
)
(/usr/share/texlive/texmf-dist/tex/latex/latexconfig/graphics.cfg
File: graphics.cfg 2010/04/23 v1.9 graphics configuration of TeX Live
)
Package graphics Info: Driver file: pdftex.def on input line 91.

(/usr/share/texlive/texmf-dist/tex/latex/pdftex-def/pdftex.def
File: pdftex.def 2011/05/27 v0.06d Graphics/color for pdfTeX

(/usr/share/texlive/texmf-dist/tex/generic/oberdiek/infwarerr.sty
Package: infwarerr 2010/04/08 v1.3 Providing info/warning/error messages (HO)
)
(/usr/share/texlive/texmf-dist/tex/generic/oberdiek/ltxcmds.sty
Package: ltxcmds 2011/11/09 v1.22 LaTeX kernel commands for general use (HO)
)
\Gread@gobject=\count112
))
\Gin@req@height=\dimen132
\Gin@req@width=\dimen133
)
(/usr/share/texlive/texmf-dist/tex/latex/caption/subcaption.sty
Package: subcaption 2013/02/03 v1.1-62 Sub-captions (AR)
\c@subfigure=\count113
\c@subtable=\count114
)
(/usr/share/texlive/texmf-dist/tex/latex/oberdiek/epstopdf.sty
Package: epstopdf 2010/02/09 v2.5 Conversion with epstopdf on the fly (HO)

(/usr/share/texlive/texmf-dist/tex/latex/oberdiek/epstopdf-base.sty
Package: epstopdf-base 2010/02/09 v2.5 Base part for package epstopdf

(/usr/share/texlive/texmf-dist/tex/latex/oberdiek/grfext.sty
Package: grfext 2010/08/19 v1.1 Manage graphics extensions (HO)

(/usr/share/texlive/texmf-dist/tex/generic/oberdiek/kvdefinekeys.sty
Package: kvdefinekeys 2011/04/07 v1.3 Define keys (HO)
))
(/usr/share/texlive/texmf-dist/tex/latex/oberdiek/kvoptions.sty
Package: kvoptions 2011/06/30 v3.11 Key value format for package options (HO)

(/usr/share/texlive/texmf-dist/tex/generic/oberdiek/kvsetkeys.sty
Package: kvsetkeys 2012/04/25 v1.16 Key value parser (HO)

(/usr/share/texlive/texmf-dist/tex/generic/oberdiek/etexcmds.sty
Package: etexcmds 2011/02/16 v1.5 Avoid name clashes with e-TeX commands (HO)

(/usr/share/texlive/texmf-dist/tex/generic/oberdiek/ifluatex.sty
Package: ifluatex 2010/03/01 v1.3 Provides the ifluatex switch (HO)
Package ifluatex Info: LuaTeX not detected.
)
Package etexcmds Info: Could not find \expanded.
(etexcmds)             That can mean that you are not using pdfTeX 1.50 or
(etexcmds)             that some package has redefined \expanded.
(etexcmds)             In the latter case, load this package earlier.
)))
(/usr/share/texlive/texmf-dist/tex/generic/oberdiek/pdftexcmds.sty
Package: pdftexcmds 2011/11/29 v0.20 Utility functions of pdfTeX for LuaTeX (HO
)

(/usr/share/texlive/texmf-dist/tex/generic/oberdiek/ifpdf.sty
Package: ifpdf 2011/01/30 v2.3 Provides the ifpdf switch (HO)
Package ifpdf Info: pdfTeX in PDF mode is detected.
)
Package pdftexcmds Info: LuaTeX not detected.
Package pdftexcmds Info: \pdf@primitive is available.
Package pdftexcmds Info: \pdf@ifprimitive is available.
Package pdftexcmds Info: \pdfdraftmode found.
)
Package grfext Info: Graphics extension search list:
(grfext)             [.png,.pdf,.jpg,.mps,.jpeg,.jbig2,.jb2,.PNG,.PDF,.JPG,.JPE
G,.JBIG2,.JB2,.eps]
(grfext)             \AppendGraphicsExtensions on input line 452.

(/usr/share/texlive/texmf-dist/tex/latex/latexconfig/epstopdf-sys.cfg
File: epstopdf-sys.cfg 2010/07/13 v1.3 Configuration of (r)epstopdf for TeX Liv
e
)))
(/usr/share/texlive/texmf-dist/tex/latex/booktabs/booktabs.sty
Package: booktabs 2005/04/14 v1.61803 publication quality tables
\heavyrulewidth=\dimen134
\lightrulewidth=\dimen135
\cmidrulewidth=\dimen136
\belowrulesep=\dimen137
\belowbottomsep=\dimen138
\aboverulesep=\dimen139
\abovetopsep=\dimen140
\cmidrulesep=\dimen141
\cmidrulekern=\dimen142
\defaultaddspace=\dimen143
\@cmidla=\count115
\@cmidlb=\count116
\@aboverulesep=\dimen144
\@belowrulesep=\dimen145
\@thisruleclass=\count117
\@lastruleclass=\count118
\@thisrulewidth=\dimen146
)
(/usr/share/texlive/texmf-dist/tex/latex/rotating/rotating.sty
Package: rotating 2009/03/28 v2.16a rotated objects in LaTeX

(/usr/share/texlive/texmf-dist/tex/latex/base/ifthen.sty
Package: ifthen 2001/05/26 v1.1c Standard LaTeX ifthen package (DPC)
)
\c@r@tfl@t=\count119
\rotFPtop=\skip60
\rotFPbot=\skip61
\rot@float@box=\box54
\rot@mess@toks=\toks29
)
(/usr/share/texlive/texmf-dist/tex/latex/listings/listings.sty
\lst@mode=\count120
\lst@gtempboxa=\box55
\lst@token=\toks30
\lst@length=\count121
\lst@currlwidth=\dimen147
\lst@column=\count122
\lst@pos=\count123
\lst@lostspace=\dimen148
\lst@width=\dimen149
\lst@newlines=\count124
\lst@lineno=\count125
\lst@maxwidth=\dimen150
 (./lstpatch.sty

***
*** This is a patch for listings 1.3, but you're using
*** version 1.5b.
***
*** Patch file not loaded.
***

) (/usr/share/texlive/texmf-dist/tex/latex/listings/lstmisc.sty
File: lstmisc.sty 2013/08/26 1.5b (Carsten Heinz)
\c@lstnumber=\count126
\lst@skipnumbers=\count127
\lst@framebox=\box56
)
(/usr/share/texlive/texmf-dist/tex/latex/listings/listings.cfg
File: listings.cfg 2013/08/26 1.5b listings configuration
))
Package: listings 2013/08/26 1.5b (Carsten Heinz)

(/usr/share/texlive/texmf-dist/tex/latex/tools/enumerate.sty
Package: enumerate 1999/03/05 v3.00 enumerate extensions (DPC)
\@enLab=\toks31
) (./lstpatch.sty

***
*** This is a patch for listings 1.3, but you're using
*** version 1.5b.
***
 *** Patch file not loaded.
***

) (/usr/share/texlive/texmf-dist/tex/latex/hyperref/hyperref.sty
Package: hyperref 2012/11/06 v6.83m Hypertext links for LaTeX

(/usr/share/texlive/texmf-dist/tex/generic/oberdiek/hobsub-hyperref.sty
Package: hobsub-hyperref 2012/05/28 v1.13 Bundle oberdiek, subset hyperref (HO)


(/usr/share/texlive/texmf-dist/tex/generic/oberdiek/hobsub-generic.sty
Package: hobsub-generic 2012/05/28 v1.13 Bundle oberdiek, subset generic (HO)
Package: hobsub 2012/05/28 v1.13 Construct package bundles (HO)
Package hobsub Info: Skipping package `infwarerr' (already loaded).
Package hobsub Info: Skipping package `ltxcmds' (already loaded).
Package hobsub Info: Skipping package `ifluatex' (already loaded).
Package: ifvtex 2010/03/01 v1.5 Detect VTeX and its facilities (HO)
Package ifvtex Info: VTeX not detected.
Package: intcalc 2007/09/27 v1.1 Expandable calculations with integers (HO)
Package hobsub Info: Skipping package `ifpdf' (already loaded).
Package hobsub Info: Skipping package `etexcmds' (already loaded).
Package hobsub Info: Skipping package `kvsetkeys' (already loaded).
Package hobsub Info: Skipping package `kvdefinekeys' (already loaded).
Package hobsub Info: Skipping package `pdftexcmds' (already loaded).
Package: pdfescape 2011/11/25 v1.13 Implements pdfTeX's escape features (HO)
Package: bigintcalc 2012/04/08 v1.3 Expandable calculations on big integers (HO
)
Package: bitset 2011/01/30 v1.1 Handle bit-vector datatype (HO)
Package: uniquecounter 2011/01/30 v1.2 Provide unlimited unique counter (HO)
)
Package hobsub Info: Skipping package `hobsub' (already loaded).
Package: letltxmacro 2010/09/02 v1.4 Let assignment for LaTeX macros (HO)
Package: hopatch 2012/05/28 v1.2 Wrapper for package hooks (HO)
Package: xcolor-patch 2011/01/30 xcolor patch
Package: atveryend 2011/06/30 v1.8 Hooks at the very end of document (HO)
Package atveryend Info: \enddocument detected (standard20110627).
Package: atbegshi 2011/10/05 v1.16 At begin shipout hook (HO)
Package: refcount 2011/10/16 v3.4 Data extraction from label references (HO)
Package: hycolor 2011/01/30 v1.7 Color options for hyperref/bookmark (HO)
)
(/usr/share/texlive/texmf-dist/tex/generic/ifxetex/ifxetex.sty
Package: ifxetex 2010/09/12 v0.6 Provides ifxetex conditional
)
(/usr/share/texlive/texmf-dist/tex/latex/oberdiek/auxhook.sty
Package: auxhook 2011/03/04 v1.3 Hooks for auxiliary files (HO)
)
\@linkdim=\dimen151
\Hy@linkcounter=\count128
\Hy@pagecounter=\count129

(/usr/share/texlive/texmf-dist/tex/latex/hyperref/pd1enc.def
File: pd1enc.def 2012/11/06 v6.83m Hyperref: PDFDocEncoding definition (HO)
Now handling font encoding PD1 ...
... no UTF-8 mapping file for font encoding PD1
)
\Hy@SavedSpaceFactor=\count130

(/usr/share/texlive/texmf-dist/tex/latex/latexconfig/hyperref.cfg
File: hyperref.cfg 2002/06/06 v1.2 hyperref configuration of TeXLive
)
Package hyperref Info: Option `bookmarks' set `true' on input line 4319.
Package hyperref Info: Option `bookmarksopen' set `true' on input line 4319.
Package hyperref Info: Option `bookmarksnumbered' set `true' on input line 4319
.
Package hyperref Info: Option `hypertexnames' set `false' on input line 4319.
Package hyperref Info: Option `colorlinks' set `true' on input line 4319.
Package hyperref Info: Option `unicode' set `true' on input line 4319.

(/usr/share/texlive/texmf-dist/tex/latex/hyperref/puenc.def
File: puenc.def 2012/11/06 v6.83m Hyperref: PDF Unicode definition (HO)
Now handling font encoding PU ...
... no UTF-8 mapping file for font encoding PU
)
Package hyperref Info: Option `breaklinks' set `true' on input line 4319.
Package hyperref Info: Hyper figures OFF on input line 4443.
Package hyperref Info: Link nesting OFF on input line 4448.
Package hyperref Info: Hyper index ON on input line 4451.
Package hyperref Info: Plain pages OFF on input line 4458.
Package hyperref Info: Backreferencing OFF on input line 4463.
Package hyperref Info: Implicit mode ON; LaTeX internals redefined.
Package hyperref Info: Bookmarks ON on input line 4688.
\c@Hy@tempcnt=\count131

(/usr/share/texlive/texmf-dist/tex/latex/url/url.sty
\Urlmuskip=\muskip11
Package: url 2013/09/16  ver 3.4  Verb mode for urls, etc.
)
LaTeX Info: Redefining \url on input line 5041.
\XeTeXLinkMargin=\dimen152
\Fld@menulength=\count132
\Field@Width=\dimen153
\Fld@charsize=\dimen154
Package hyperref Info: Hyper figures OFF on input line 6295.
Package hyperref Info: Link nesting OFF on input line 6300.
Package hyperref Info: Hyper index ON on input line 6303.
Package hyperref Info: backreferencing OFF on input line 6310.
Package hyperref Info: Link coloring ON on input line 6313.
Package hyperref Info: Link coloring with OCG OFF on input line 6320.
Package hyperref Info: PDF/A mode OFF on input line 6325.
LaTeX Info: Redefining \ref on input line 6365.
LaTeX Info: Redefining \pageref on input line 6369.
\Hy@abspage=\count133
\c@Item=\count134
\c@Hfootnote=\count135
)

Package hyperref Message: Driver (autodetected): hpdftex.

(/usr/share/texlive/texmf-dist/tex/latex/hyperref/hpdftex.def
File: hpdftex.def 2012/11/06 v6.83m Hyperref driver for pdfTeX
\Fld@listcount=\count136
\c@bookmark@seq@number=\count137

(/usr/share/texlive/texmf-dist/tex/latex/oberdiek/rerunfilecheck.sty
Package: rerunfilecheck 2011/04/15 v1.7 Rerun checks for auxiliary files (HO)
Package uniquecounter Info: New unique counter `rerunfilecheck' on input line 2
82.
)
\Hy@SectionHShift=\skip62
)
\c@dummy=\count138

(/usr/share/texlive/texmf-dist/tex/latex/tools/longtable.sty
Package: longtable 2004/02/01 v4.11 Multi-page Table package (DPC)
\LTleft=\skip63
\LTright=\skip64
\LTpre=\skip65
\LTpost=\skip66
\LTchunksize=\count139
\LTcapwidth=\dimen155
\LT@head=\box57
\LT@firsthead=\box58
\LT@foot=\box59
\LT@lastfoot=\box60
\LT@cols=\count140
\LT@rows=\count141
\c@LT@tables=\count142
\c@LT@chunks=\count143
\LT@p@ftn=\toks32
))
(/usr/share/texlive/texmf-dist/tex/latex/comment/comment.sty
\CommentStream=\write3

Excluding comment 'comment')
(/usr/share/texlive/texmf-dist/tex/latex/natbib/natbib.sty
Package: natbib 2010/09/13 8.31b (PWD, AO)
\bibhang=\skip67
\bibsep=\skip68
LaTeX Info: Redefining \cite on input line 694.
\c@NAT@ctr=\count144
)
Package hyperref Info: Option `colorlinks' set `true' on input line 34.
 (./main.aux

LaTeX Warning: Label `fig:SH' multiply defined.


LaTeX Warning: Label `sub@fig:SH' multiply defined.


LaTeX Warning: Label `dataClassification' multiply defined.


LaTeX Warning: Label `fig:anime0002' multiply defined.


LaTeX Warning: Label `fig:dayContext' multiply defined.

)
\openout1 = `main.aux'.

LaTeX Font Info:    Checking defaults for OML/cmm/m/it on input line 37.
LaTeX Font Info:    ... okay on input line 37.
LaTeX Font Info:    Checking defaults for T1/cmr/m/n on input line 37.
LaTeX Font Info:    ... okay on input line 37.
LaTeX Font Info:    Checking defaults for OT1/cmr/m/n on input line 37.
LaTeX Font Info:    ... okay on input line 37.
LaTeX Font Info:    Checking defaults for OMS/cmsy/m/n on input line 37.
LaTeX Font Info:    ... okay on input line 37.
LaTeX Font Info:    Checking defaults for OMX/cmex/m/n on input line 37.
LaTeX Font Info:    ... okay on input line 37.
LaTeX Font Info:    Checking defaults for U/cmr/m/n on input line 37.
LaTeX Font Info:    ... okay on input line 37.
LaTeX Font Info:    Checking defaults for PD1/pdf/m/n on input line 37.
LaTeX Font Info:    ... okay on input line 37.
LaTeX Font Info:    Checking defaults for PU/pdf/m/n on input line 37.
LaTeX Font Info:    ... okay on input line 37.
Package caption Info: Begin \AtBeginDocument code.
Package caption Info: hyperref package is loaded.
Package caption Info: listings package is loaded.
Package caption Info: longtable package is loaded.
 (/usr/share/texlive/texmf-dist/tex/latex/caption/ltcaption.sty
Package: ltcaption 2013/02/03 v1.3-62 longtable captions (AR)
)
Package caption Info: rotating package is loaded.
Package caption Info: End \AtBeginDocument code.

(/usr/share/texlive/texmf-dist/tex/context/base/supp-pdf.mkii
[Loading MPS to PDF converter (version 2006.09.02).]
\scratchcounter=\count145
\scratchdimen=\dimen156
\scratchbox=\box61
\nofMPsegments=\count146
\nofMParguments=\count147
\everyMPshowfont=\toks33
\MPscratchCnt=\count148
\MPscratchDim=\dimen157
\MPnumerator=\count149
\makeMPintoPDFobject=\count150
\everyMPtoPDFconversion=\toks34
)
\c@lstlisting=\count151
\AtBeginShipoutBox=\box62
 (/usr/share/texlive/texmf-dist/tex/latex/graphics/color.sty
Package: color 2005/11/14 v1.0j Standard LaTeX Color (DPC)

(/usr/share/texlive/texmf-dist/tex/latex/latexconfig/color.cfg
File: color.cfg 2007/01/18 v1.5 color configuration of teTeX/TeXLive
)
Package color Info: Driver file: pdftex.def on input line 130.
)
Package hyperref Info: Link coloring ON on input line 37.

(/usr/share/texlive/texmf-dist/tex/latex/hyperref/nameref.sty
Package: nameref 2012/10/27 v2.43 Cross-referencing by name of section

(/usr/share/texlive/texmf-dist/tex/generic/oberdiek/gettitlestring.sty
Package: gettitlestring 2010/12/03 v1.4 Cleanup title references (HO)
)
\c@section@level=\count152
)
LaTeX Info: Redefining \ref on input line 37.
LaTeX Info: Redefining \pageref on input line 37.
LaTeX Info: Redefining \nameref on input line 37.

(./main.out) (./main.out)
\@outlinefile=\write4
\openout4 = `main.out'.

LaTeX Font Info:    Try loading font information for U+msa on input line 76.

(/usr/share/texlive/texmf-dist/tex/latex/amsfonts/umsa.fd
File: umsa.fd 2013/01/14 v3.01 AMS symbols A
)
LaTeX Font Info:    Try loading font information for U+msb on input line 76.

(/usr/share/texlive/texmf-dist/tex/latex/amsfonts/umsb.fd
File: umsb.fd 2013/01/14 v3.01 AMS symbols B
) [1



{/var/lib/texmf/fonts/map/pdftex/updmap/pdftex.map}] Excluding 'comment' commen
t.
------------------------------------------------------------------------------
 Table of Contents
------------------------------------------------------------------------------
(./main.toc [1

])
\tf@toc=\write5
\openout5 = `main.toc'.

 [2]
------------------------------------------------------------------------------
 List of Figures
------------------------------------------------------------------------------
(./main.lof [3


])
\tf@lof=\write6
\openout6 = `main.lof'.

 [4]
------------------------------------------------------------------------------
 List of Tables
------------------------------------------------------------------------------
(./main.lot)
\tf@lot=\write7
\openout7 = `main.lot'.

 [5


]
------------------------------------------------------------------------------
 Abbreviations
------------------------------------------------------------------------------
[6



] Excluding 'comment' comment.
------------------------------------------------------------------------------
 Symbols
------------------------------------------------------------------------------
[7



] Excluding 'comment' comment. (./Chapters/Chapter4.tex
Chapter 1.
------------------------------------------------------------------------------
 1 Methodology
------------------------------------------------------------------------------

Package natbib Warning: Citation `DOEprototype' on page 1 undefined on input li
ne 39.

[1



] <Pictures/flow.png, id=385, 901.3675pt x 250.9375pt>
File: Pictures/flow.png Graphic file (type png)

<use Pictures/flow.png>
Package pdftex.def Info: Pictures/flow.png used on input line 61.
(pdftex.def)             Requested size: 292.22987pt x 81.3546pt.
 [2 <./Pictures/flow.png (PNG copy)>]

Package natbib Warning: Citation `DOEprototype' on page 3 undefined on input li
ne 79.

[3] [4]
Underfull \hbox (badness 10000) in paragraph at lines 138--138
[]|\OT1/cmr/m/n/6 Air-source heat
 []


Underfull \hbox (badness 6125) in paragraph at lines 138--138
\OT1/cmr/m/n/6 pump with gas
 []


Underfull \hbox (badness 2828) in paragraph at lines 138--138
\OT1/cmr/m/n/6 fur-nace as back
 []


Underfull \hbox (badness 3271) in paragraph at lines 140--140
[]|\OT1/cmr/m/n/6 Gas fur-nace in-
 []


Underfull \hbox (badness 10000) in paragraph at lines 140--140
\OT1/cmr/m/n/6 air con-di-tion-ing
 []


Underfull \hbox (badness 10000) in paragraph at lines 143--143
[]|\OT1/cmr/m/n/6 Two water-cooled cen-trifu-gal
 []


Underfull \hbox (badness 10000) in paragraph at lines 145--145
[]|\OT1/cmr/m/n/6 Stand-alone
 []


Underfull \hbox (badness 10000) in paragraph at lines 145--145
[]|\OT1/cmr/m/n/6 Standalone gas
 []


Underfull \hbox (badness 10000) in paragraph at lines 145--145
\OT1/cmr/m/n/6 fur-nace for
 []


Underfull \hbox (badness 3271) in paragraph at lines 145--145
[]|\OT1/cmr/m/n/6 Gas fur-nace in-
 []


Underfull \hbox (badness 10000) in paragraph at lines 145--145
\OT1/cmr/m/n/6 air con-di-tion-ing
 []


Underfull \hbox (badness 3271) in paragraph at lines 147--147
[]|\OT1/cmr/m/n/6 Gas fur-nace in-
 []


Underfull \hbox (badness 10000) in paragraph at lines 147--147
\OT1/cmr/m/n/6 air con-di-tion-ing
 []


Underfull \hbox (badness 1337) in paragraph at lines 150--150
\OT1/cmr/m/n/6 a gas boiler for
 []


Underfull \hbox (badness 10000) in paragraph at lines 152--152
\OT1/cmr/m/n/6 in-side pack-aged
 []


Underfull \hbox (badness 10000) in paragraph at lines 152--152
\OT1/cmr/m/n/6 air con-di-tion-ing
 []


Underfull \hbox (badness 10000) in paragraph at lines 153--153
[]|\OT1/cmr/m/n/6 2. Gas-fired
 []


Underfull \hbox (badness 10000) in paragraph at lines 153--153
\OT1/cmr/m/n/6 boiler pro-vide
 []


Underfull \hbox (badness 10000) in paragraph at lines 155--155
[]|\OT1/cmr/m/n/6 Outpatient
 []


Underfull \hbox (badness 2065) in paragraph at lines 158--159
\OT1/cmr/m/n/6 for gen-eral zones and one con-
 []


Underfull \hbox (badness 10000) in paragraph at lines 160--160
[]|\OT1/cmr/m/n/6 Guest rooms:
 []


Underfull \hbox (badness 7576) in paragraph at lines 160--160
\OT1/cmr/m/n/6 Packed ter-mi-nal
 []


Underfull \hbox (badness 10000) in paragraph at lines 160--160
\OT1/cmr/m/n/6 air con-di-tioner
 []


Underfull \hbox (badness 1571) in paragraph at lines 160--160
\OT1/cmr/m/n/6 with elec-tric re-
 []


Underfull \hbox (badness 10000) in paragraph at lines 161--161
[]|\OT1/cmr/m/n/6 Public spaces:
 []


Underfull \hbox (badness 10000) in paragraph at lines 161--161
\OT1/cmr/m/n/6 the pack-aged
 []


Underfull \hbox (badness 10000) in paragraph at lines 161--161
\OT1/cmr/m/n/6 air con-di-tion-ing
 []


Underfull \hbox (badness 10000) in paragraph at lines 162--162
[]|\OT1/cmr/m/n/6 Storage and
 []


Underfull \hbox (badness 10000) in paragraph at lines 162--162
\OT1/cmr/m/n/6 stairs: elec-tric
 []


Underfull \hbox (badness 10000) in paragraph at lines 164--164
[]|\OT1/cmr/m/n/6 One gas-fired
 []


Underfull \vbox (badness 10000) detected at line 166
 []


Underfull \hbox (badness 1215) in paragraph at lines 167--167
[]|\OT1/cmr/m/n/6 Warehouse (non-
 []


Underfull \hbox (badness 3271) in paragraph at lines 167--167
[]|\OT1/cmr/m/n/6 Gas fur-nace in-
 []


Underfull \hbox (badness 10000) in paragraph at lines 167--167
\OT1/cmr/m/n/6 air con-di-tion-ing
 []


Underfull \hbox (badness 10000) in paragraph at lines 169--169
[]|\OT1/cmr/m/n/6 Quick Ser-vice
 []


Underfull \hbox (badness 3271) in paragraph at lines 169--169
[]|\OT1/cmr/m/n/6 Gas fur-nace in-
 []


Underfull \hbox (badness 10000) in paragraph at lines 169--169
\OT1/cmr/m/n/6 air con-di-tion-ing
 []


Underfull \hbox (badness 10000) in paragraph at lines 171--171
[]|\OT1/cmr/m/n/6 Full Ser-vice
 []


Underfull \hbox (badness 3271) in paragraph at lines 171--171
[]|\OT1/cmr/m/n/6 Gas fur-nace in-
 []


Underfull \hbox (badness 10000) in paragraph at lines 171--171
\OT1/cmr/m/n/6 air con-di-tion-ing
 []


Underfull \hbox (badness 10000) in paragraph at lines 173--173
[]|\OT1/cmr/m/n/6 Mid-rise Apart-
 []


Underfull \hbox (badness 4366) in paragraph at lines 175--175
[]|\OT1/cmr/m/n/6 High-rise Apart-
 []


Underfull \hbox (badness 10000) in paragraph at lines 175--175
[]|\OT1/cmr/m/n/6 Water Source
 []

[5]
LaTeX Font Info:    Try loading font information for OMS+cmr on input line 195.

 (/usr/share/texlive/texmf-dist/tex/latex/base/omscmr.fd
File: omscmr.fd 1999/05/25 v2.5h Standard LaTeX font definitions
)
LaTeX Font Info:    Font shape `OMS/cmr/m/n' in size <10.95> not available
(Font)              Font shape `OMS/cmsy/m/n' tried instead on input line 195.
 [6]
<Pictures/heatFuel.png, id=431, 464.4853pt x 324.46219pt>
File: Pictures/heatFuel.png Graphic file (type png)

<use Pictures/heatFuel.png>
Package pdftex.def Info: Pictures/heatFuel.png used on input line 263.
(pdftex.def)             Requested size: 292.22987pt x 204.13995pt.
 [7 <./Pictures/heatFuel.png>]

LaTeX Warning: `!h' float specifier changed to `!ht'.

[8]
Overfull \hbox (14.61148pt too wide) in paragraph at lines 354--378
[]\OT1/cmr/m/n/10.95 The en-ergy out-put re-trieved from En-er-gy-Plus in-clude
 ``Heat-ing:Gas'', ``Heat-ing:Electricity'',
 []


Overfull \hbox (59.35439pt too wide) in paragraph at lines 354--378
\OT1/cmr/m/n/10.95 ``Cool-ing:Electricity'', ``Wa-ter Heater:WaterSystems:Gas''
, ``Wa-ter Heater:WaterSystems:Electricity''
 []

[9] <Pictures/HG.png, id=454, 578.16pt x 433.62pt>
File: Pictures/HG.png Graphic file (type png)
 <use Pictures/HG.png>
Package pdftex.def Info: Pictures/HG.png used on input line 403.
(pdftex.def)             Requested size: 292.22987pt x 219.17155pt.

[10 <./Pictures/HG.png>] <Pictures/WH.png, id=463, 578.16pt x 433.62pt>
File: Pictures/WH.png Graphic file (type png)

<use Pictures/WH.png>
Package pdftex.def Info: Pictures/WH.png used on input line 425.
(pdftex.def)             Requested size: 292.22987pt x 219.17155pt.
 <Pictures/WHWSG.png, id=464, 578.16pt x 433.62pt>
File: Pictures/WHWSG.png Graphic file (type png)

<use Pictures/WHWSG.png>
Package pdftex.def Info: Pictures/WHWSG.png used on input line 434.
(pdftex.def)             Requested size: 166.98668pt x 125.2371pt.
 <Pictures/WHWSE.png, id=465, 578.16pt x 433.62pt>
File: Pictures/WHWSE.png Graphic file (type png)

<use Pictures/WHWSE.png>
Package pdftex.def Info: Pictures/WHWSE.png used on input line 441.
(pdftex.def)             Requested size: 166.98668pt x 125.2371pt.

Underfull \hbox (badness 1226) in paragraph at lines 442--442
 []\OT1/cmr/m/sc/10 (b) |\OT1/cmr/m/n/10 Elec-tric-ity Wa-ter Heat-ing Box 
 []

[11 <./Pictures/WH.png> <./Pictures/WHWSG.png> <./Pictures/WHWSE.png>]
<Pictures/HE.png, id=477, 578.16pt x 433.62pt>
File: Pictures/HE.png Graphic file (type png)
 <use Pictures/HE.png>
Package pdftex.def Info: Pictures/HE.png used on input line 463.
(pdftex.def)             Requested size: 292.22987pt x 219.17155pt.

<Pictures/CE.png, id=479, 578.16pt x 433.62pt>
File: Pictures/CE.png Graphic file (type png)
 <use Pictures/CE.png>
Package pdftex.def Info: Pictures/CE.png used on input line 486.
(pdftex.def)             Requested size: 292.22987pt x 219.17155pt.


LaTeX Warning: `!h' float specifier changed to `!ht'.

[12 <./Pictures/HE.png>] <Pictures/EF.png, id=485, 578.16pt x 433.62pt>
File: Pictures/EF.png Graphic file (type png)

<use Pictures/EF.png>
Package pdftex.def Info: Pictures/EF.png used on input line 502.
(pdftex.def)             Requested size: 292.22987pt x 219.17155pt.
 [13 <./Pictures/CE.png> <./Pictures/EF.png>]
<Pictures/SH.png, id=493, 578.16pt x 433.62pt>
File: Pictures/SH.png Graphic file (type png)
 <use Pictures/SH.png>
Package pdftex.def Info: Pictures/SH.png used on input line 518.
(pdftex.def)             Requested size: 166.98668pt x 125.2371pt.
File: Pictures/HG.png Graphic file (type png)

<use Pictures/HG.png>
Package pdftex.def Info: Pictures/HG.png used on input line 526.
(pdftex.def)             Requested size: 166.98668pt x 125.2371pt.
File: Pictures/SH.png Graphic file (type png)
 <use Pictures/SH.png>
Package pdftex.def Info: Pictures/SH.png used on input line 544.
(pdftex.def)             Requested size: 166.98668pt x 125.2371pt.
File: Pictures/CE.png Graphic file (type png)
 <use Pictures/CE.png>
Package pdftex.def Info: Pictures/CE.png used on input line 552.
(pdftex.def)             Requested size: 166.98668pt x 125.2371pt.

<Pictures/H.png, id=496, 578.16pt x 433.62pt>
File: Pictures/H.png Graphic file (type png)
 <use Pictures/H.png>
Package pdftex.def Info: Pictures/H.png used on input line 577.
(pdftex.def)             Requested size: 166.98668pt x 125.2371pt.
File: Pictures/EF.png Graphic file (type png)

<use Pictures/EF.png>
Package pdftex.def Info: Pictures/EF.png used on input line 585.
(pdftex.def)             Requested size: 166.98668pt x 125.2371pt.
 [14 <./Pictures/SH.png>]
<Pictures/HTPR.png, id=502, 578.16pt x 433.62pt>
File: Pictures/HTPR.png Graphic file (type png)
 <use Pictures/HTPR.png>
Package pdftex.def Info: Pictures/HTPR.png used on input line 595.
(pdftex.def)             Requested size: 292.22987pt x 219.17155pt.

[15 <./Pictures/H.png> <./Pictures/HTPR.png>] [16]
<Pictures/original-Heating:Gas.png, id=514, 361.35pt x 361.35pt>
File: Pictures/original-Heating:Gas.png Graphic file (type png)

<use Pictures/original-Heating:Gas.png>
Package pdftex.def Info: Pictures/original-Heating:Gas.png used on input line 6
26.
(pdftex.def)             Requested size: 166.98668pt x 166.98392pt.

<Pictures/log-Scale-Heating:Gas.png, id=515, 361.35pt x 361.35pt>
File: Pictures/log-Scale-Heating:Gas.png Graphic file (type png)

<use Pictures/log-Scale-Heating:Gas.png>
Package pdftex.def Info: Pictures/log-Scale-Heating:Gas.png used on input line 
633.
(pdftex.def)             Requested size: 166.98668pt x 166.98392pt.

<Pictures/original-Heating:Electricity.png, id=516, 361.35pt x 361.35pt>
File: Pictures/original-Heating:Electricity.png Graphic file (type png)

<use Pictures/original-Heating:Electricity.png>
Package pdftex.def Info: Pictures/original-Heating:Electricity.png used on inpu
t line 644.
(pdftex.def)             Requested size: 166.98668pt x 166.98392pt.

<Pictures/log-Scale-Heating:Electricity.png, id=517, 361.35pt x 361.35pt>
File: Pictures/log-Scale-Heating:Electricity.png Graphic file (type png)

<use Pictures/log-Scale-Heating:Electricity.png>
Package pdftex.def Info: Pictures/log-Scale-Heating:Electricity.png used on inp
ut line 651.
(pdftex.def)             Requested size: 166.98668pt x 166.98392pt.

<Pictures/original-Water-Heater.png, id=518, 794.97pt x 578.16pt>
File: Pictures/original-Water-Heater.png Graphic file (type png)

<use Pictures/original-Water-Heater.png>
Package pdftex.def Info: Pictures/original-Water-Heater.png used on input line 
662.
(pdftex.def)             Requested size: 166.98668pt x 121.44365pt.

<Pictures/log-Scale-Water-Heater.png, id=519, 794.97pt x 578.16pt>
File: Pictures/log-Scale-Water-Heater.png Graphic file (type png)

<use Pictures/log-Scale-Water-Heater.png>
Package pdftex.def Info: Pictures/log-Scale-Water-Heater.png used on input line
 669.
(pdftex.def)             Requested size: 166.98668pt x 121.44365pt.

<Pictures/original-Space-Heating.png, id=520, 794.97pt x 578.16pt>
File: Pictures/original-Space-Heating.png Graphic file (type png)

<use Pictures/original-Space-Heating.png>
Package pdftex.def Info: Pictures/original-Space-Heating.png used on input line
 680.
(pdftex.def)             Requested size: 166.98668pt x 121.44365pt.

<Pictures/log-Scale-Space-Heating.png, id=521, 794.97pt x 578.16pt>
File: Pictures/log-Scale-Space-Heating.png Graphic file (type png)

<use Pictures/log-Scale-Space-Heating.png>
Package pdftex.def Info: Pictures/log-Scale-Space-Heating.png used on input lin
e 687.
(pdftex.def)             Requested size: 166.98668pt x 121.44365pt.


LaTeX Warning: `!h' float specifier changed to `!ht'.

<Pictures/original-Heating.png, id=522, 361.35pt x 361.35pt>
File: Pictures/original-Heating.png Graphic file (type png)

<use Pictures/original-Heating.png>
Package pdftex.def Info: Pictures/original-Heating.png used on input line 698.
(pdftex.def)             Requested size: 166.98668pt x 166.98392pt.

<Pictures/log-Scale-Heating.png, id=523, 361.35pt x 361.35pt>
File: Pictures/log-Scale-Heating.png Graphic file (type png)

<use Pictures/log-Scale-Heating.png>
Package pdftex.def Info: Pictures/log-Scale-Heating.png used on input line 705.

(pdftex.def)             Requested size: 166.98668pt x 166.98392pt.


LaTeX Warning: `!h' float specifier changed to `!ht'.

[17 <./Pictures/original-Heating:Gas.png> <./Pictures/log-Scale-Heating:Gas.png
> <./Pictures/original-Heating:Electricity.png> <./Pictures/log-Scale-Heating:E
lectricity.png> <./Pictures/original-Water-Heater.png> <./Pictures/log-Scale-Wa
ter-Heater.png>]
<Pictures/original-Cooling:Electricity.png, id=535, 361.35pt x 361.35pt>
File: Pictures/original-Cooling:Electricity.png Graphic file (type png)

<use Pictures/original-Cooling:Electricity.png>
Package pdftex.def Info: Pictures/original-Cooling:Electricity.png used on inpu
t line 719.
(pdftex.def)             Requested size: 166.98668pt x 166.98392pt.

<Pictures/log-Scale-Cooling:Electricity.png, id=536, 361.35pt x 361.35pt>
File: Pictures/log-Scale-Cooling:Electricity.png Graphic file (type png)

<use Pictures/log-Scale-Cooling:Electricity.png>
Package pdftex.def Info: Pictures/log-Scale-Cooling:Electricity.png used on inp
ut line 726.
(pdftex.def)             Requested size: 166.98668pt x 166.98392pt.
 [18 <./Pictures/original-Space-Heating.png> <./Pictures/log-Scale-Space-Heatin
g.png> <./Pictures/original-Heating.png> <./Pictures/log-Scale-Heating.png> <./
Pictures/original-Cooling:Electricity.png> <./Pictures/log-Scale-Cooling:Electr
icity.png>]
<Pictures/original-Electricity:Facility.png, id=547, 361.35pt x 361.35pt>
File: Pictures/original-Electricity:Facility.png Graphic file (type png)

<use Pictures/original-Electricity:Facility.png>
Package pdftex.def Info: Pictures/original-Electricity:Facility.png used on inp
ut line 739.
(pdftex.def)             Requested size: 166.98668pt x 166.98392pt.

<Pictures/log-Scale-Electricity:Facility.png, id=548, 361.35pt x 361.35pt>
File: Pictures/log-Scale-Electricity:Facility.png Graphic file (type png)

<use Pictures/log-Scale-Electricity:Facility.png>
Package pdftex.def Info: Pictures/log-Scale-Electricity:Facility.png used on in
put line 746.
(pdftex.def)             Requested size: 166.98668pt x 166.98392pt.
 [19 <./Pictures/original-Electricity:Facility.png> <./Pictures/log-Scale-Elect
ricity:Facility.png>]

LaTeX Warning: Reference `AppendixA' on page 20 undefined on input line 770.

<Pictures/mellonArena.png, id=560, 654.445pt x 397.485pt>
File: Pictures/mellonArena.png Graphic file (type png)

<use Pictures/mellonArena.png>
Package pdftex.def Info: Pictures/mellonArena.png used on input line 785.
(pdftex.def)             Requested size: 208.73653pt x 126.7793pt.

<Pictures/mellonPie.png, id=561, 354.32375pt x 288.07625pt>
File: Pictures/mellonPie.png Graphic file (type png)

<use Pictures/mellonPie.png>
Package pdftex.def Info: Pictures/mellonPie.png used on input line 792.
(pdftex.def)             Requested size: 125.24318pt x 101.826pt.


LaTeX Warning: `!h' float specifier changed to `!ht'.

[20 <./Pictures/mellonArena.png (PNG copy)> <./Pictures/mellonPie.png (PNG copy
)>] <Pictures/mellonTop.png, id=574, 1255.69125pt x 601.24625pt>
File: Pictures/mellonTop.png Graphic file (type png)

<use Pictures/mellonTop.png>
Package pdftex.def Info: Pictures/mellonTop.png used on input line 851.
(pdftex.def)             Requested size: 417.47307pt x 199.88892pt.

<Pictures/sitePlan.png, id=575, 551.81157pt x 243.91125pt>
File: Pictures/sitePlan.png Graphic file (type png)

<use Pictures/sitePlan.png>
Package pdftex.def Info: Pictures/sitePlan.png used on input line 858.
(pdftex.def)             Requested size: 417.47307pt x 184.53706pt.


LaTeX Warning: `!h' float specifier changed to `!ht'.

[21 <./Pictures/mellonTop.png (PNG copy)>]

LaTeX Warning: Reference `AppendixC' on page 22 undefined on input line 874.


LaTeX Warning: Reference `AppendixA' on page 22 undefined on input line 878.

[22 <./Pictures/sitePlan.png>]
<Pictures/arcgisTime.png, id=589, 934.49126pt x 714.67pt>
File: Pictures/arcgisTime.png Graphic file (type png)

<use Pictures/arcgisTime.png>
Package pdftex.def Info: Pictures/arcgisTime.png used on input line 927.
(pdftex.def)             Requested size: 208.73653pt x 159.62697pt.
 [23 <./Pictures/arcgisTime.png (PNG copy)>]
Overfull \hbox (19.6649pt too wide) in paragraph at lines 961--971
 [][] 
 []

[24] [25] [26]) (./Chapters/Chapter6.tex [27]
Chapter 2.
------------------------------------------------------------------------------
 2 Interface Design
------------------------------------------------------------------------------
[28

]

LaTeX Warning: Reference `eq:log' on page 29 undefined on input line 83.

[29] <Pictures/img0002.png, id=647, 686.565pt x 538.01pt>
File: Pictures/img0002.png Graphic file (type png)

<use Pictures/img0002.png>
Package pdftex.def Info: Pictures/img0002.png used on input line 91.
(pdftex.def)             Requested size: 208.73653pt x 163.5633pt.

<Pictures/forPublic.png, id=649, 741.77126pt x 486.81876pt>
File: Pictures/forPublic.png Graphic file (type png)

<use Pictures/forPublic.png>
Package pdftex.def Info: Pictures/forPublic.png used on input line 114.
(pdftex.def)             Requested size: 208.73653pt x 136.99171pt.
 [30 <./Pictures/img0002.png (PNG copy)> <./Pictures/forPublic.png (PNG copy)>]

<Pictures/interface08.png, id=656, 1224.575pt x 728.7225pt>
File: Pictures/interface08.png Graphic file (type png)

<use Pictures/interface08.png>
Package pdftex.def Info: Pictures/interface08.png used on input line 142.
(pdftex.def)             Requested size: 292.22987pt x 173.89622pt.

<Pictures/layout08.png, id=657, 1013.7875pt x 611.28375pt>
File: Pictures/layout08.png Graphic file (type png)

<use Pictures/layout08.png>
Package pdftex.def Info: Pictures/layout08.png used on input line 149.
(pdftex.def)             Requested size: 292.22987pt x 176.20442pt.


LaTeX Warning: `!h' float specifier changed to `!ht'.

<Pictures/optionMenu.png, id=659, 1244.65pt x 699.61375pt>
File: Pictures/optionMenu.png Graphic file (type png)

<use Pictures/optionMenu.png>
Package pdftex.def Info: Pictures/optionMenu.png used on input line 182.
(pdftex.def)             Requested size: 292.22987pt x 164.2598pt.


LaTeX Warning: `!h' float specifier changed to `!ht'.

[31]

LaTeX Warning: Text page 32 contains only floats.

[32 <./Pictures/interface08.png (PNG copy)> <./Pictures/layout08.png> <./Pictur
es/optionMenu.png>] <Pictures/2d3dSelect.png, id=678, 1228.59pt x 707.64375pt>
File: Pictures/2d3dSelect.png Graphic file (type png)

<use Pictures/2d3dSelect.png>
Package pdftex.def Info: Pictures/2d3dSelect.png used on input line 234.
(pdftex.def)             Requested size: 292.22987pt x 168.31548pt.


LaTeX Warning: `!h' float specifier changed to `!ht'.

[33] <Pictures/bivariateExp.png, id=690, 701.62125pt x 377.41pt>
File: Pictures/bivariateExp.png Graphic file (type png)

<use Pictures/bivariateExp.png>
Package pdftex.def Info: Pictures/bivariateExp.png used on input line 273.
(pdftex.def)             Requested size: 292.22987pt x 157.1981pt.


LaTeX Warning: `!h' float specifier changed to `!ht'.

<Pictures/legend.png, id=693, 963.6pt x 542.025pt>
File: Pictures/legend.png Graphic file (type png)
 <use Pictures/legend.png>
Package pdftex.def Info: Pictures/legend.png used on input line 281.
(pdftex.def)             Requested size: 292.22987pt x 164.37866pt.


LaTeX Warning: `!h' float specifier changed to `!ht'.

[34 <./Pictures/2d3dSelect.png>] [35 <./Pictures/bivariateExp.png (PNG copy)> <
./Pictures/legend.png>] [36]
<Pictures/singlePlot.png, id=717, 963.6pt x 542.025pt>
File: Pictures/singlePlot.png Graphic file (type png)

<use Pictures/singlePlot.png>
Package pdftex.def Info: Pictures/singlePlot.png used on input line 366.
(pdftex.def)             Requested size: 375.7232pt x 211.33926pt.

<Pictures/communityPlot.png, id=718, 963.6pt x 542.025pt>
File: Pictures/communityPlot.png Graphic file (type png)

<use Pictures/communityPlot.png>
Package pdftex.def Info: Pictures/communityPlot.png used on input line 375.
(pdftex.def)             Requested size: 375.7232pt x 211.33926pt.


LaTeX Warning: `!h' float specifier changed to `!ht'.

<Pictures/clickSingle.png, id=721, 1282.7925pt x 613.29124pt>
File: Pictures/clickSingle.png Graphic file (type png)

<use Pictures/clickSingle.png>
Package pdftex.def Info: Pictures/clickSingle.png used on input line 395.
(pdftex.def)             Requested size: 375.7232pt x 179.62793pt.


LaTeX Warning: `!h' float specifier changed to `!ht'.

<Pictures/clickGroup.png, id=722, 963.6pt x 542.025pt>
File: Pictures/clickGroup.png Graphic file (type png)

<use Pictures/clickGroup.png>
Package pdftex.def Info: Pictures/clickGroup.png used on input line 403.
(pdftex.def)             Requested size: 375.7232pt x 211.33926pt.


LaTeX Warning: `!h' float specifier changed to `!ht'.

[37 <./Pictures/singlePlot.png>] [38 <./Pictures/communityPlot.png> <./Pictures
/clickSingle.png>]
<Pictures/dayContext.png, id=739, 1282.7925pt x 613.29124pt>
File: Pictures/dayContext.png Graphic file (type png)

<use Pictures/dayContext.png>
Package pdftex.def Info: Pictures/dayContext.png used on input line 447.
(pdftex.def)             Requested size: 375.7232pt x 179.62793pt.


LaTeX Warning: `!h' float specifier changed to `!ht'.

<Pictures/changeT.png, id=740, 963.6pt x 542.025pt>
File: Pictures/changeT.png Graphic file (type png)
 <use Pictures/changeT.png>
Package pdftex.def Info: Pictures/changeT.png used on input line 458.
(pdftex.def)             Requested size: 375.7232pt x 211.33926pt.


LaTeX Warning: `!h' float specifier changed to `!ht'.

[39 <./Pictures/clickGroup.png>] [40 <./Pictures/dayContext.png> <./Pictures/ch
angeT.png>] <Pictures/legend2d.png, id=755, 762.85pt x 396.48125pt>
File: Pictures/legend2d.png Graphic file (type png)

<use Pictures/legend2d.png>
Package pdftex.def Info: Pictures/legend2d.png used on input line 507.
(pdftex.def)             Requested size: 208.73653pt x 108.48517pt.

<Pictures/recover2d.png, id=757, 599.23875pt x 339.2675pt>
File: Pictures/recover2d.png Graphic file (type png)

<use Pictures/recover2d.png>
Package pdftex.def Info: Pictures/recover2d.png used on input line 528.
(pdftex.def)             Requested size: 292.22987pt x 165.45047pt.

<Pictures/recover3d.png, id=758, 527.9725pt x 355.3275pt>
File: Pictures/recover3d.png Graphic file (type png)

<use Pictures/recover3d.png>
Package pdftex.def Info: Pictures/recover3d.png used on input line 537.
(pdftex.def)             Requested size: 292.22987pt x 196.67232pt.


LaTeX Warning: `!h' float specifier changed to `!ht'.

[41 <./Pictures/legend2d.png>]
<Pictures/recoverGr2d.png, id=766, 551.05875pt x 325.215pt>
File: Pictures/recoverGr2d.png Graphic file (type png)

<use Pictures/recoverGr2d.png>
Package pdftex.def Info: Pictures/recoverGr2d.png used on input line 566.
(pdftex.def)             Requested size: 292.22987pt x 172.46733pt.

<Pictures/recoverGr3d.png, id=767, 595.22375pt x 400.49625pt>
File: Pictures/recoverGr3d.png Graphic file (type png)

<use Pictures/recoverGr3d.png>
Package pdftex.def Info: Pictures/recoverGr3d.png used on input line 575.
(pdftex.def)             Requested size: 292.22987pt x 196.62376pt.


LaTeX Warning: `!h' float specifier changed to `!ht'.

[42 <./Pictures/recover2d.png> <./Pictures/recover3d.png>]
<Pictures/highCooling.png, id=777, 996.72375pt x 617.30624pt>
File: Pictures/highCooling.png Graphic file (type png)

<use Pictures/highCooling.png>
Package pdftex.def Info: Pictures/highCooling.png used on input line 605.
(pdftex.def)             Requested size: 292.22987pt x 180.98286pt.


LaTeX Warning: `!h' float specifier changed to `!ht'.

<Pictures/ERP.png, id=779, 963.6pt x 542.025pt>
File: Pictures/ERP.png Graphic file (type png)
 <use Pictures/ERP.png>
Package pdftex.def Info: Pictures/ERP.png used on input line 619.
(pdftex.def)             Requested size: 292.22987pt x 164.37866pt.


LaTeX Warning: `!h' float specifier changed to `!ht'.

[43 <./Pictures/recoverGr2d.png> <./Pictures/recoverGr3d.png>] [44 <./Pictures/
highCooling.png> <./Pictures/ERP.png>]
<Pictures/seeLoad.png, id=797, 866.23625pt x 499.8675pt>
File: Pictures/seeLoad.png Graphic file (type png)

<use Pictures/seeLoad.png>
Package pdftex.def Info: Pictures/seeLoad.png used on input line 672.
(pdftex.def)             Requested size: 292.22987pt x 168.63316pt.
 [45 <./Pictures/seeLoad.png>]
<Pictures/plotAll.png, id=805, 853.1875pt x 485.815pt>
File: Pictures/plotAll.png Graphic file (type png)

<use Pictures/plotAll.png>
Package pdftex.def Info: Pictures/plotAll.png used on input line 692.
(pdftex.def)             Requested size: 292.22987pt x 166.39804pt.

<Pictures/seeAggDemand.png, id=807, 832.10875pt x 481.8pt>
File: Pictures/seeAggDemand.png Graphic file (type png)

<use Pictures/seeAggDemand.png>
Package pdftex.def Info: Pictures/seeAggDemand.png used on input line 705.
(pdftex.def)             Requested size: 292.22987pt x 169.20595pt.

<Pictures/legendCHP.png, id=809, 264.99pt x 240.9pt>
File: Pictures/legendCHP.png Graphic file (type png)

<use Pictures/legendCHP.png>
Package pdftex.def Info: Pictures/legendCHP.png used on input line 726.
(pdftex.def)             Requested size: 125.24318pt x 113.85892pt.

<Pictures/interfaceCHP.png, id=811, 1227.58624pt x 732.7375pt>
File: Pictures/interfaceCHP.png Graphic file (type png)

<use Pictures/interfaceCHP.png>
Package pdftex.def Info: Pictures/interfaceCHP.png used on input line 736.
(pdftex.def)             Requested size: 292.22987pt x 174.42946pt.


LaTeX Warning: `!h' float specifier changed to `!ht'.

[46 <./Pictures/plotAll.png> <./Pictures/seeAggDemand.png>]
<Pictures/heatPowerDemand.png, id=818, 1223.57124pt x 714.67pt>
File: Pictures/heatPowerDemand.png Graphic file (type png)

<use Pictures/heatPowerDemand.png>
Package pdftex.def Info: Pictures/heatPowerDemand.png used on input line 747.
(pdftex.def)             Requested size: 292.22987pt x 170.68462pt.


LaTeX Warning: `!h' float specifier changed to `!ht'.

Excluding 'comment' comment.) [47 <./Pictures/legendCHP.png (PNG copy)> <./Pict
ures/interfaceCHP.png (PNG copy)>] [48 <./Pictures/heatPowerDemand.png>]
------------------------------------------------------------------------------
 Bibliography
------------------------------------------------------------------------------
(./main.bbl
Underfull \hbox (badness 1038) in paragraph at lines 29--34
[]\OT1/cmr/m/n/10.95 Committee on Cli-mate Change.  Car-bon bud-gets and tar-ge
ts.  web, Au-
 []


Underfull \hbox (badness 10000) in paragraph at lines 29--34
\OT1/cmr/m/n/10.95 gust 2015.  [][]$\OT1/cmtt/m/n/10.95 https : / / www . thecc
c . org . uk / tackling-[]climate-[]change /
 []

[49


]
Underfull \hbox (badness 5741) in paragraph at lines 109--114
[]\OT1/cmr/m/n/10.95 Office of En-ergy Ef-fi-ciency & Re-new-able En-ergy.  Com
-mer-cial ref-er-
 []


Underfull \hbox (badness 2384) in paragraph at lines 109--114
\OT1/cmr/m/n/10.95 ence build-ings.  web, June 2015.  [][]$\OT1/cmtt/m/n/10.95 
http : / / energy . gov / eere / buildings /
 []


Underfull \hbox (badness 1552) in paragraph at lines 126--130
[]\OT1/cmr/m/n/10.95 Clarke En-ergy.  Tri-gen-er-a-tion / cchp.  web, July 2015
.  [][]$\OT1/cmtt/m/n/10.95 https : / / www .
 []

[50] [51]
Underfull \hbox (badness 1281) in paragraph at lines 215--220
[]\OT1/cmr/m/n/10.95 Department of En-ergy and Cli-mate Change.  Cold wa-ter co
uld heat one
 []


Underfull \hbox (badness 10000) in paragraph at lines 254--260
[]\OT1/cmr/m/n/10.95 Arrate Gomez Diaz, Leonard Gray, Iain Mac-Fadyen, Preetcha
-ran
 []


Underfull \hbox (badness 2495) in paragraph at lines 254--260
\OT1/cmr/m/n/10.95 Singh, and Nikithaa Suresh.  Com-mu-nity res-o-lu-tion.  web
, July 2015.
 []


Underfull \hbox (badness 10000) in paragraph at lines 254--260
[][]$\OT1/cmtt/m/n/10.95 http : / / www . esru . strath . ac . uk / EandE / Web
 _ sites / 12-[]13 / SmartCities /
 []

[52]
Underfull \hbox (badness 1596) in paragraph at lines 299--304
[]\OT1/cmr/m/n/10.95 Esri.  Clas-si-fy-ing nu-mer-i-cal fields for grad-u-ated 
sym-bol-ogy.  web, Oc-to-
 []

[53]
Underfull \hbox (badness 1147) in paragraph at lines 367--371
[]\OT1/cmr/m/n/10.95 Michael Bar-ton, Daniel Cavelo Aros, Mar-tin Landa, and Ja
chym Cepicky.
 []


Underfull \hbox (badness 1681) in paragraph at lines 401--406
[]\OT1/cmr/m/n/10.95 Esri.  At-tributes, sources and con-nec-tions.  web, Au-gu
st 2015.  [][]$\OT1/cmtt/m/n/10.95 http :
 []


Underfull \hbox (badness 10000) in paragraph at lines 401--406
\OT1/cmtt/m/n/10.95 / / cehelp . esri . com / help / index . jsp ? topic = /com
 . procedural . cityengine .
 []


Underfull \hbox (badness 10000) in paragraph at lines 422--427
[]\OT1/cmr/m/n/10.95 Esri.  A quick tip on per-form-ing a 1:m join.  web, May
 []


Underfull \hbox (badness 10000) in paragraph at lines 422--427
\OT1/cmr/m/n/10.95 2012.  [][]$\OT1/cmtt/m/n/10.95 http : / / blogs . esri . co
m / esri / supportcenter / 2012 / 05 / 10 /
 []

)

Package natbib Warning: There were undefined citations.

Package atveryend Info: Empty hook `BeforeClearDocument' on input line 318.
[54]
Package atveryend Info: Empty hook `AfterLastShipout' on input line 318.
 (./main.aux)
Package atveryend Info: Executing hook `AtVeryEndDocument' on input line 318.
Package atveryend Info: Executing hook `AtEndAfterFileList' on input line 318.
Package rerunfilecheck Info: File `main.out' has not changed.
(rerunfilecheck)             Checksum: 7556170F4A1CF9D70FCB503E2FC03978;8612.


LaTeX Warning: There were undefined references.


LaTeX Warning: There were multiply-defined labels.

Package atveryend Info: Empty hook `AtVeryVeryEnd' on input line 318.
 ) 
Here is how much of TeX's memory you used:
 14018 strings out of 495028
 201432 string characters out of 6181498
 288380 words of memory out of 5000000
 16731 multiletter control sequences out of 15000+600000
 13552 words of font info for 50 fonts, out of 8000000 for 9000
 14 hyphenation exceptions out of 8191
 49i,12n,45p,759b,538s stack positions out of 5000i,500n,10000p,200000b,80000s
</usr/share/texlive/texmf-dist/fonts/type1/public/amsfonts/cm/cmbx10.pfb></us
r/share/texlive/texmf-dist/fonts/type1/public/amsfonts/cm/cmbx12.pfb></usr/shar
e/texlive/texmf-dist/fonts/type1/public/amsfonts/cm/cmcsc10.pfb></usr/share/tex
live/texmf-dist/fonts/type1/public/amsfonts/cm/cmmi10.pfb></usr/share/texlive/t
exmf-dist/fonts/type1/public/amsfonts/cm/cmmi8.pfb></usr/share/texlive/texmf-di
st/fonts/type1/public/amsfonts/cm/cmr10.pfb></usr/share/texlive/texmf-dist/font
s/type1/public/amsfonts/cm/cmr12.pfb></usr/share/texlive/texmf-dist/fonts/type1
/public/amsfonts/cm/cmr6.pfb></usr/share/texlive/texmf-dist/fonts/type1/public/
amsfonts/cm/cmsy10.pfb></usr/share/texlive/texmf-dist/fonts/type1/public/amsfon
ts/cm/cmti10.pfb></usr/share/texlive/texmf-dist/fonts/type1/public/amsfonts/cm/
cmti12.pfb></usr/share/texlive/texmf-dist/fonts/type1/public/amsfonts/cm/cmtt10
.pfb></usr/share/texlive/texmf-dist/fonts/type1/public/amsfonts/cm/cmtt8.pfb>
Output written on main.pdf (62 pages, 7810551 bytes).
PDF statistics:
 1075 PDF objects out of 1200 (max. 8388607)
 882 compressed objects within 9 object streams
 243 named destinations out of 1000 (max. 500000)
 619 words of extra memory for PDF output out of 10000 (max. 10000000)

