\BOOKMARK [0][-]{dummy.1}{\376\377\000D\000e\000c\000l\000a\000r\000a\000t\000i\000o\000n\000\040\000o\000f\000\040\000A\000u\000t\000h\000o\000r\000s\000h\000i\000p}{}% 1
\BOOKMARK [0][-]{dummy.2}{\376\377\000A\000b\000s\000t\000r\000a\000c\000t}{}% 2
\BOOKMARK [0][-]{dummy.3}{\376\377\000C\000o\000n\000t\000e\000n\000t\000s}{}% 3
\BOOKMARK [0][-]{dummy.5}{\376\377\000L\000i\000s\000t\000\040\000o\000f\000\040\000F\000i\000g\000u\000r\000e\000s}{}% 4
\BOOKMARK [0][-]{dummy.7}{\376\377\000L\000i\000s\000t\000\040\000o\000f\000\040\000T\000a\000b\000l\000e\000s}{}% 5
\BOOKMARK [0][-]{dummy.9}{\376\377\000A\000b\000b\000r\000e\000v\000i\000a\000t\000i\000o\000n\000s}{}% 6
\BOOKMARK [0][-]{dummy.12}{\376\377\000S\000y\000m\000b\000o\000l\000s}{}% 7
\BOOKMARK [0][-]{chapter.15}{\376\377\0001\000\040\000I\000n\000t\000e\000r\000f\000a\000c\000e\000\040\000D\000e\000s\000i\000g\000n}{}% 8
\BOOKMARK [1][-]{section.16}{\376\377\0001\000.\0001\000\040\000O\000v\000e\000r\000v\000i\000e\000w}{chapter.15}% 9
\BOOKMARK [1][-]{section.17}{\376\377\0001\000.\0002\000\040\000\050\000N\000o\000n\000-\000i\000n\000t\000e\000r\000a\000c\000t\000i\000v\000e\000\051\000\040\000M\000a\000p\000\040\000A\000n\000i\000m\000a\000t\000i\000o\000n}{chapter.15}% 10
\BOOKMARK [1][-]{section.24}{\376\377\0001\000.\0003\000\040\000I\000n\000t\000e\000r\000a\000c\000t\000i\000v\000e\000\040\000D\000y\000n\000a\000m\000i\000c\000\040\000M\000a\000p\000\040\000I\000n\000t\000e\000r\000f\000a\000c\000e}{chapter.15}% 11
\BOOKMARK [2][-]{subsection.25}{\376\377\0001\000.\0003\000.\0001\000\040\000G\000e\000n\000e\000r\000a\000l\000\040\000L\000a\000y\000o\000u\000t}{section.24}% 12
\BOOKMARK [2][-]{subsection.27}{\376\377\0001\000.\0003\000.\0002\000\040\000M\000a\000i\000n\000\040\000D\000i\000s\000p\000l\000a\000y\000\040\000W\000i\000n\000d\000o\000w}{section.24}% 13
\BOOKMARK [2][-]{subsection.29}{\376\377\0001\000.\0003\000.\0003\000\040\000B\000i\000v\000a\000r\000i\000a\000t\000e\000\040\000M\000a\000p\000\040\000L\000e\000g\000e\000n\000d}{section.24}% 14
\BOOKMARK [3][-]{subsubsection.30}{\376\377\0001\000.\0003\000.\0003\000.\0001\000\040\000S\000y\000m\000b\000o\000l\000\040\000C\000h\000o\000s\000e\000n}{subsection.29}% 15
\BOOKMARK [2][-]{subsection.33}{\376\377\0001\000.\0003\000.\0004\000\040\000T\000i\000m\000e\000\040\000S\000l\000i\000d\000e\000r\000s\000\040\000a\000n\000d\000\040\000N\000a\000v\000i\000g\000a\000t\000i\000o\000n\000\040\000B\000u\000t\000t\000o\000n\000s}{section.24}% 16
\BOOKMARK [2][-]{subsection.34}{\376\377\0001\000.\0003\000.\0005\000\040\000D\000a\000t\000a\000\040\000P\000l\000o\000t}{section.24}% 17
\BOOKMARK [3][-]{subsubsection.35}{\376\377\0001\000.\0003\000.\0005\000.\0001\000\040\000M\000e\000t\000h\000o\000d\000s\000\040\000t\000o\000\040\000S\000h\000o\000w\000\040\000P\000l\000o\000t}{subsection.34}% 18
\BOOKMARK [3][-]{subsubsection.43}{\376\377\0001\000.\0003\000.\0005\000.\0002\000\040\000P\000r\000o\000v\000i\000d\000i\000n\000g\000\040\000T\000e\000m\000p\000o\000r\000a\000l\000\040\000C\000o\000n\000t\000e\000x\000t\000\040\000i\000n\000\040\000D\000a\000t\000a\000\040\000P\000l\000o\000t}{subsection.34}% 19
\BOOKMARK [1][-]{section.46}{\376\377\0001\000.\0004\000\040\000U\000s\000e\000\040\000C\000a\000s\000e\000\040\000D\000e\000m\000o\000n\000s\000t\000r\000a\000t\000i\000o\000n\000s}{chapter.15}% 20
\BOOKMARK [2][-]{subsection.47}{\376\377\0001\000.\0004\000.\0001\000\040\000U\000s\000e\000\040\000C\000a\000s\000e\000\040\000I\000:\000\040\000I\000d\000e\000n\000t\000i\000f\000i\000c\000a\000t\000i\000o\000n\000\040\000o\000f\000\040\000E\000n\000e\000r\000g\000y\000\040\000R\000e\000c\000o\000v\000e\000r\000y\000\040\000O\000p\000p\000o\000r\000t\000u\000n\000i\000t\000y}{section.46}% 21
\BOOKMARK [2][-]{subsection.51}{\376\377\0001\000.\0004\000.\0002\000\040\000U\000s\000e\000\040\000C\000a\000s\000e\000\040\000I\000I\000:\000\040\000S\000i\000z\000i\000n\000g\000\040\000C\000H\000P\000\040\000P\000l\000a\000n\000t}{section.46}% 22
\BOOKMARK [1][-]{section.53}{\376\377\0001\000.\0005\000\040\000I\000m\000p\000l\000e\000m\000e\000n\000t\000a\000t\000i\000o\000n\000\040\000t\000o\000o\000l\000s\000\040\000a\000n\000d\000\040\000s\000t\000r\000a\000t\000e\000g\000y}{chapter.15}% 23
\BOOKMARK [0][-]{dummy.54}{\376\377\000B\000i\000b\000l\000i\000o\000g\000r\000a\000p\000h\000y}{}% 24
